<?xml version="1.0" encoding="UTF-8"?>
<testsuite xmlns:xsi="http://www.w3.org/2001/XMLSchema-instance" xsi:noNamespaceSchemaLocation="https://maven.apache.org/surefire/maven-surefire-plugin/xsd/surefire-test-report-3.0.xsd" version="3.0" name="dbapp.DbAppTest" time="2.554" tests="5" errors="0" skipped="0" failures="0">
  <properties>
[...]
</properties>
  <testcase name="UT01_novyPredmetBezUcitela_2b" classname="dbapp.DbAppTest" time="0.268">
    <system-out><![CDATA[[EL Info]: 2026-06-02 13:51:44.514--ServerSession(1395262169)--EclipseLink, version: Eclipse Persistence Services - 4.0.4.v202407190748-059428cdd2583c46f1f3e50d235854840a6fa9a7
[EL Fine]: sql: 2026-06-02 13:51:44.914--ServerSession(1395262169)--Connection(740467528)--SELECT NAZOV, PREDNASAJUCI_ID FROM PREDMET WHERE (NAZOV = ?)
	bind => [Databazy]
[EL Fine]: sql: 2026-06-02 13:51:44.937--ClientSession(651235118)--Connection(740467528)--INSERT INTO PREDMET (NAZOV, PREDNASAJUCI_ID) VALUES (?, ?)
	bind => [Databazy, null]
]]></system-out>
  </testcase>
  <testcase name="UT02_novyPredmetSUcitelom_3b" classname="dbapp.DbAppTest" time="0.085">
    <system-out><![CDATA[[EL Fine]: sql: 2026-06-02 13:51:45.044--ServerSession(1395262169)--Connection(740467528)--SELECT NAZOV, PREDNASAJUCI_ID FROM PREDMET WHERE (NAZOV = ?)
	bind => [Programovanie]
[EL Fine]: sql: 2026-06-02 13:51:45.045--ClientSession(223000346)--Connection(740467528)--INSERT INTO UCITEL (MENO, DTYPE) VALUES (?, ?)
	bind => [Novak, Docent]
[EL Fine]: sql: 2026-06-02 13:51:45.046--ClientSession(223000346)--Connection(740467528)--select lastval()
[EL Fine]: sql: 2026-06-02 13:51:45.049--ClientSession(223000346)--Connection(740467528)--INSERT INTO DOCENT (ID) VALUES (?)
	bind => [1]
[EL Fine]: sql: 2026-06-02 13:51:45.054--ClientSession(223000346)--Connection(740467528)--INSERT INTO PREDMET (NAZOV, PREDNASAJUCI_ID) VALUES (?, ?)
	bind => [Programovanie, 1]
[EL Fine]: sql: 2026-06-02 13:51:45.056--ClientSession(223000346)--Connection(740467528)--INSERT INTO PREDMET_UCITEL (CVICIACI_ID, CVICENIE_NAZOV) VALUES (?, ?)
	bind => [1, Programovanie]
]]></system-out>
  </testcase>
  <testcase name="UT03_duplicita_2b" classname="dbapp.DbAppTest" time="0.029">
    <system-out><![CDATA[[EL Fine]: sql: 2026-06-02 13:51:45.13--ServerSession(1395262169)--Connection(740467528)--SELECT NAZOV, PREDNASAJUCI_ID FROM PREDMET WHERE (NAZOV = ?)
	bind => [Matematika]
[EL Fine]: sql: 2026-06-02 13:51:45.13--ClientSession(1538511917)--Connection(740467528)--INSERT INTO UCITEL (MENO, DTYPE) VALUES (?, ?)
	bind => [Kovac, Docent]
[EL Fine]: sql: 2026-06-02 13:51:45.131--ClientSession(1538511917)--Connection(740467528)--select lastval()
[EL Fine]: sql: 2026-06-02 13:51:45.131--ClientSession(1538511917)--Connection(740467528)--INSERT INTO DOCENT (ID) VALUES (?)
	bind => [2]
[EL Fine]: sql: 2026-06-02 13:51:45.132--ClientSession(1538511917)--Connection(740467528)--INSERT INTO PREDMET (NAZOV, PREDNASAJUCI_ID) VALUES (?, ?)
	bind => [Matematika, 2]
[EL Fine]: sql: 2026-06-02 13:51:45.132--ClientSession(1538511917)--Connection(740467528)--INSERT INTO PREDMET_UCITEL (CVICIACI_ID, CVICENIE_NAZOV) VALUES (?, ?)
	bind => [2, Matematika]
]]></system-out>
  </testcase>
  <testcase name="UT04_nullNazov_2b" classname="dbapp.DbAppTest" time="0.024"/>
  <testcase name="UT05_prazdnyNazov_1b" classname="dbapp.DbAppTest" time="0.017"/>
</testsuite>