<?xml version="1.0" encoding="UTF-8"?>
<testsuite xmlns:xsi="http://www.w3.org/2001/XMLSchema-instance" xsi:noNamespaceSchemaLocation="https://maven.apache.org/surefire/maven-surefire-plugin/xsd/surefire-test-report-3.0.xsd" version="3.0" name="vsa.DbappTest" time="9.026" tests="15" errors="5" skipped="0" failures="9">
  <properties>
[...]
</properties>
  <testcase name="UT01" classname="vsa.DbappTest" time="1.453">
    <error message="&#10;Internal Exception: org.postgresql.util.PSQLException: ERROR: column t0.ucitel_idd does not exist&#10;  Hint: Perhaps you meant to reference the column &quot;t0.ucitel_id&quot;.&#10;  Position: 68&#10;Error Code: 0&#10;Call: SELECT t1.KOD, t1.ODBOR FROM UCITEL_PREDMET t0, PREDMET t1 WHERE ((t0.UCITEL_IDD = ?) AND (t1.KOD = t0.PREDMET_KOD))&#10;	bind =&gt; [1 parameter bound]&#10;Query: ReadAllQuery(name=&quot;predmety&quot; referenceClass=Predmet sql=&quot;SELECT t1.KOD, t1.ODBOR FROM UCITEL_PREDMET t0, PREDMET t1 WHERE ((t0.UCITEL_IDD = ?) AND (t1.KOD = t0.PREDMET_KOD))&quot;)" type="Local Exception Stack"><![CDATA[Local Exception Stack: 
Exception [EclipseLink-4002] (Eclipse Persistence Services - 4.0.4.v202407190748-059428cdd2583c46f1f3e50d235854840a6fa9a7): org.eclipse.persistence.exceptions.DatabaseException
Internal Exception: org.postgresql.util.PSQLException: ERROR: column t0.ucitel_idd does not exist
  Hint: Perhaps you meant to reference the column "t0.ucitel_id".
  Position: 68
Error Code: 0
Call: SELECT t1.KOD, t1.ODBOR FROM UCITEL_PREDMET t0, PREDMET t1 WHERE ((t0.UCITEL_IDD = ?) AND (t1.KOD = t0.PREDMET_KOD))
	bind => [1 parameter bound]
Query: ReadAllQuery(name="predmety" referenceClass=Predmet sql="SELECT t1.KOD, t1.ODBOR FROM UCITEL_PREDMET t0, PREDMET t1 WHERE ((t0.UCITEL_IDD = ?) AND (t1.KOD = t0.PREDMET_KOD))")
	at org.eclipse.persistence.exceptions.DatabaseException.sqlException(DatabaseException.java:343)
	at org.eclipse.persistence.internal.databaseaccess.DatabaseAccessor.basicExecuteCall(DatabaseAccessor.java:702)
	at org.eclipse.persistence.internal.databaseaccess.DatabaseAccessor.executeCall(DatabaseAccessor.java:569)
	at org.eclipse.persistence.internal.sessions.AbstractSession.basicExecuteCall(AbstractSession.java:2048)
	at org.eclipse.persistence.sessions.server.ServerSession.executeCall(ServerSession.java:611)
	at org.eclipse.persistence.internal.queries.DatasourceCallQueryMechanism.executeCall(DatasourceCallQueryMechanism.java:280)
	at org.eclipse.persistence.internal.queries.DatasourceCallQueryMechanism.executeCall(DatasourceCallQueryMechanism.java:266)
	at org.eclipse.persistence.internal.queries.DatasourceCallQueryMechanism.executeSelectCall(DatasourceCallQueryMechanism.java:352)
	at org.eclipse.persistence.internal.queries.DatasourceCallQueryMechanism.selectAllRows(DatasourceCallQueryMechanism.java:792)
	at org.eclipse.persistence.internal.queries.ExpressionQueryMechanism.selectAllRowsFromTable(ExpressionQueryMechanism.java:2848)
	at org.eclipse.persistence.internal.queries.ExpressionQueryMechanism.selectAllRows(ExpressionQueryMechanism.java:2801)
	at org.eclipse.persistence.queries.ReadAllQuery.executeObjectLevelReadQuery(ReadAllQuery.java:584)
	at org.eclipse.persistence.queries.ObjectLevelReadQuery.executeDatabaseQuery(ObjectLevelReadQuery.java:1236)
	at org.eclipse.persistence.queries.DatabaseQuery.execute(DatabaseQuery.java:913)
	at org.eclipse.persistence.queries.ObjectLevelReadQuery.execute(ObjectLevelReadQuery.java:1195)
	at org.eclipse.persistence.queries.ReadAllQuery.execute(ReadAllQuery.java:485)
	at org.eclipse.persistence.internal.sessions.AbstractSession.internalExecuteQuery(AbstractSession.java:3308)
	at org.eclipse.persistence.internal.sessions.AbstractSession.executeQuery(AbstractSession.java:1841)
	at org.eclipse.persistence.internal.sessions.AbstractSession.executeQuery(AbstractSession.java:1823)
	at org.eclipse.persistence.internal.indirection.QueryBasedValueHolder.instantiate(QueryBasedValueHolder.java:136)
	at org.eclipse.persistence.internal.indirection.QueryBasedValueHolder.instantiate(QueryBasedValueHolder.java:122)
	at org.eclipse.persistence.internal.indirection.DatabaseValueHolder.getValue(DatabaseValueHolder.java:109)
	at org.eclipse.persistence.internal.indirection.UnitOfWorkValueHolder.instantiateImpl(UnitOfWorkValueHolder.java:182)
	at org.eclipse.persistence.internal.indirection.UnitOfWorkValueHolder.instantiate(UnitOfWorkValueHolder.java:252)
	at org.eclipse.persistence.internal.indirection.DatabaseValueHolder.getValue(DatabaseValueHolder.java:109)
	at org.eclipse.persistence.indirection.IndirectSet.buildDelegate(IndirectSet.java:227)
	at org.eclipse.persistence.indirection.IndirectSet.getDelegate(IndirectSet.java:418)
	at org.eclipse.persistence.indirection.IndirectSet.size(IndirectSet.java:612)
	at vsa.DbappTest.UT01(DbappTest.java:145)
	at java.base/java.lang.reflect.Method.invoke(Method.java:580)
	at java.base/java.util.ArrayList.forEach(ArrayList.java:1596)
	at java.base/java.util.ArrayList.forEach(ArrayList.java:1596)
Caused by: org.postgresql.util.PSQLException: ERROR: column t0.ucitel_idd does not exist
  Hint: Perhaps you meant to reference the column "t0.ucitel_id".
  Position: 68
	at org.postgresql.core.v3.QueryExecutorImpl.receiveErrorResponse(QueryExecutorImpl.java:2725)
	at org.postgresql.core.v3.QueryExecutorImpl.processResults(QueryExecutorImpl.java:2412)
	at org.postgresql.core.v3.QueryExecutorImpl.execute(QueryExecutorImpl.java:371)
	at org.postgresql.jdbc.PgStatement.executeInternal(PgStatement.java:502)
	at org.postgresql.jdbc.PgStatement.execute(PgStatement.java:419)
	at org.postgresql.jdbc.PgPreparedStatement.executeWithFlags(PgPreparedStatement.java:194)
	at org.postgresql.jdbc.PgPreparedStatement.executeQuery(PgPreparedStatement.java:137)
	at org.eclipse.persistence.internal.databaseaccess.DatabaseAccessor.executeSelect(DatabaseAccessor.java:1026)
	at org.eclipse.persistence.internal.databaseaccess.DatabaseAccessor.basicExecuteCall(DatabaseAccessor.java:662)
	... 30 more
]]></error>
    <system-out><![CDATA[[EL Info]: 2026-06-03 18:51:15.493--ServerSession(820878444)--EclipseLink, version: Eclipse Persistence Services - 4.0.4.v202407190748-059428cdd2583c46f1f3e50d235854840a6fa9a7
[EL Warning]: 2026-06-03 18:51:16.712--ServerSession(820878444)--Exception [EclipseLink-4002] (Eclipse Persistence Services - 4.0.4.v202407190748-059428cdd2583c46f1f3e50d235854840a6fa9a7): org.eclipse.persistence.exceptions.DatabaseException
Internal Exception: org.postgresql.util.PSQLException: ERROR: column t0.ucitel_idd does not exist
  Hint: Perhaps you meant to reference the column "t0.ucitel_id".
  Position: 68
Error Code: 0
Call: SELECT t1.KOD, t1.ODBOR FROM UCITEL_PREDMET t0, PREDMET t1 WHERE ((t0.UCITEL_IDD = ?) AND (t1.KOD = t0.PREDMET_KOD))
	bind => [1 parameter bound]
Query: ReadAllQuery(name="predmety" referenceClass=Predmet sql="SELECT t1.KOD, t1.ODBOR FROM UCITEL_PREDMET t0, PREDMET t1 WHERE ((t0.UCITEL_IDD = ?) AND (t1.KOD = t0.PREDMET_KOD))")
]]></system-out>
  </testcase>
  <testcase name="UT02" classname="vsa.DbappTest" time="0.015">
    <error message="&#10;Internal Exception: org.postgresql.util.PSQLException: ERROR: column t0.ucitel_idd does not exist&#10;  Hint: Perhaps you meant to reference the column &quot;t0.ucitel_id&quot;.&#10;  Position: 112&#10;Error Code: 0&#10;Call: SELECT t1.ID, t1.MENO, t1.NARODENY FROM UCITEL_PREDMET t0, UCITEL t1 WHERE ((t0.PREDMET_KOD = ?) AND (t1.ID = t0.UCITEL_IDD))&#10;	bind =&gt; [1 parameter bound]&#10;Query: ReadAllQuery(name=&quot;vyucujuci&quot; referenceClass=Ucitel sql=&quot;SELECT t1.ID, t1.MENO, t1.NARODENY FROM UCITEL_PREDMET t0, UCITEL t1 WHERE ((t0.PREDMET_KOD = ?) AND (t1.ID = t0.UCITEL_IDD))&quot;)" type="Local Exception Stack"><![CDATA[Local Exception Stack: 
Exception [EclipseLink-4002] (Eclipse Persistence Services - 4.0.4.v202407190748-059428cdd2583c46f1f3e50d235854840a6fa9a7): org.eclipse.persistence.exceptions.DatabaseException
Internal Exception: org.postgresql.util.PSQLException: ERROR: column t0.ucitel_idd does not exist
  Hint: Perhaps you meant to reference the column "t0.ucitel_id".
  Position: 112
Error Code: 0
Call: SELECT t1.ID, t1.MENO, t1.NARODENY FROM UCITEL_PREDMET t0, UCITEL t1 WHERE ((t0.PREDMET_KOD = ?) AND (t1.ID = t0.UCITEL_IDD))
	bind => [1 parameter bound]
Query: ReadAllQuery(name="vyucujuci" referenceClass=Ucitel sql="SELECT t1.ID, t1.MENO, t1.NARODENY FROM UCITEL_PREDMET t0, UCITEL t1 WHERE ((t0.PREDMET_KOD = ?) AND (t1.ID = t0.UCITEL_IDD))")
	at org.eclipse.persistence.exceptions.DatabaseException.sqlException(DatabaseException.java:343)
	at org.eclipse.persistence.internal.databaseaccess.DatabaseAccessor.basicExecuteCall(DatabaseAccessor.java:702)
	at org.eclipse.persistence.internal.databaseaccess.DatabaseAccessor.executeCall(DatabaseAccessor.java:569)
	at org.eclipse.persistence.internal.sessions.AbstractSession.basicExecuteCall(AbstractSession.java:2048)
	at org.eclipse.persistence.sessions.server.ServerSession.executeCall(ServerSession.java:611)
	at org.eclipse.persistence.internal.queries.DatasourceCallQueryMechanism.executeCall(DatasourceCallQueryMechanism.java:280)
	at org.eclipse.persistence.internal.queries.DatasourceCallQueryMechanism.executeCall(DatasourceCallQueryMechanism.java:266)
	at org.eclipse.persistence.internal.queries.DatasourceCallQueryMechanism.executeSelectCall(DatasourceCallQueryMechanism.java:352)
	at org.eclipse.persistence.internal.queries.DatasourceCallQueryMechanism.selectAllRows(DatasourceCallQueryMechanism.java:792)
	at org.eclipse.persistence.internal.queries.ExpressionQueryMechanism.selectAllRowsFromTable(ExpressionQueryMechanism.java:2848)
	at org.eclipse.persistence.internal.queries.ExpressionQueryMechanism.selectAllRows(ExpressionQueryMechanism.java:2801)
	at org.eclipse.persistence.queries.ReadAllQuery.executeObjectLevelReadQuery(ReadAllQuery.java:584)
	at org.eclipse.persistence.queries.ObjectLevelReadQuery.executeDatabaseQuery(ObjectLevelReadQuery.java:1236)
	at org.eclipse.persistence.queries.DatabaseQuery.execute(DatabaseQuery.java:913)
	at org.eclipse.persistence.queries.ObjectLevelReadQuery.execute(ObjectLevelReadQuery.java:1195)
	at org.eclipse.persistence.queries.ReadAllQuery.execute(ReadAllQuery.java:485)
	at org.eclipse.persistence.internal.sessions.AbstractSession.internalExecuteQuery(AbstractSession.java:3308)
	at org.eclipse.persistence.internal.sessions.AbstractSession.executeQuery(AbstractSession.java:1841)
	at org.eclipse.persistence.internal.sessions.AbstractSession.executeQuery(AbstractSession.java:1823)
	at org.eclipse.persistence.internal.indirection.QueryBasedValueHolder.instantiate(QueryBasedValueHolder.java:136)
	at org.eclipse.persistence.internal.indirection.QueryBasedValueHolder.instantiate(QueryBasedValueHolder.java:122)
	at org.eclipse.persistence.internal.indirection.DatabaseValueHolder.getValue(DatabaseValueHolder.java:109)
	at org.eclipse.persistence.internal.indirection.UnitOfWorkValueHolder.instantiateImpl(UnitOfWorkValueHolder.java:182)
	at org.eclipse.persistence.internal.indirection.UnitOfWorkValueHolder.instantiate(UnitOfWorkValueHolder.java:252)
	at org.eclipse.persistence.internal.indirection.DatabaseValueHolder.getValue(DatabaseValueHolder.java:109)
	at org.eclipse.persistence.indirection.IndirectSet.buildDelegate(IndirectSet.java:227)
	at org.eclipse.persistence.indirection.IndirectSet.getDelegate(IndirectSet.java:418)
	at org.eclipse.persistence.indirection.IndirectSet.size(IndirectSet.java:612)
	at vsa.DbappTest.UT02(DbappTest.java:172)
	at java.base/java.lang.reflect.Method.invoke(Method.java:580)
	at java.base/java.util.ArrayList.forEach(ArrayList.java:1596)
	at java.base/java.util.ArrayList.forEach(ArrayList.java:1596)
Caused by: org.postgresql.util.PSQLException: ERROR: column t0.ucitel_idd does not exist
  Hint: Perhaps you meant to reference the column "t0.ucitel_id".
  Position: 112
	at org.postgresql.core.v3.QueryExecutorImpl.receiveErrorResponse(QueryExecutorImpl.java:2725)
	at org.postgresql.core.v3.QueryExecutorImpl.processResults(QueryExecutorImpl.java:2412)
	at org.postgresql.core.v3.QueryExecutorImpl.execute(QueryExecutorImpl.java:371)
	at org.postgresql.jdbc.PgStatement.executeInternal(PgStatement.java:502)
	at org.postgresql.jdbc.PgStatement.execute(PgStatement.java:419)
	at org.postgresql.jdbc.PgPreparedStatement.executeWithFlags(PgPreparedStatement.java:194)
	at org.postgresql.jdbc.PgPreparedStatement.executeQuery(PgPreparedStatement.java:137)
	at org.eclipse.persistence.internal.databaseaccess.DatabaseAccessor.executeSelect(DatabaseAccessor.java:1026)
	at org.eclipse.persistence.internal.databaseaccess.DatabaseAccessor.basicExecuteCall(DatabaseAccessor.java:662)
	... 30 more
]]></error>
    <system-out><![CDATA[[EL Warning]: 2026-06-03 18:51:16.823--ServerSession(820878444)--Exception [EclipseLink-4002] (Eclipse Persistence Services - 4.0.4.v202407190748-059428cdd2583c46f1f3e50d235854840a6fa9a7): org.eclipse.persistence.exceptions.DatabaseException
Internal Exception: org.postgresql.util.PSQLException: ERROR: column t0.ucitel_idd does not exist
  Hint: Perhaps you meant to reference the column "t0.ucitel_id".
  Position: 112
Error Code: 0
Call: SELECT t1.ID, t1.MENO, t1.NARODENY FROM UCITEL_PREDMET t0, UCITEL t1 WHERE ((t0.PREDMET_KOD = ?) AND (t1.ID = t0.UCITEL_IDD))
	bind => [1 parameter bound]
Query: ReadAllQuery(name="vyucujuci" referenceClass=Ucitel sql="SELECT t1.ID, t1.MENO, t1.NARODENY FROM UCITEL_PREDMET t0, UCITEL t1 WHERE ((t0.PREDMET_KOD = ?) AND (t1.ID = t0.UCITEL_IDD))")
]]></system-out>
  </testcase>
  <testcase name="UT03_pocetPredmetov" classname="vsa.DbappTest" time="2.683">
    <failure message="CHYBA EX: &#10;Internal Exception: org.postgresql.util.PSQLException: ERROR: column t0.ucitel_idd does not exist&#10;  Hint: Perhaps you meant to reference the column &quot;t0.ucitel_id&quot;.&#10;  Position: 68&#10;Error Code: 0&#10;Call: SELECT t1.KOD, t1.ODBOR FROM UCITEL_PREDMET t0, PREDMET t1 WHERE ((t0.UCITEL_IDD = ?) AND (t1.KOD = t0.PREDMET_KOD))&#10;	bind =&gt; [1 parameter bound]&#10;Query: ReadAllQuery(name=&quot;predmety&quot; referenceClass=Predmet sql=&quot;SELECT t1.KOD, t1.ODBOR FROM UCITEL_PREDMET t0, PREDMET t1 WHERE ((t0.UCITEL_IDD = ?) AND (t1.KOD = t0.PREDMET_KOD))&quot;)" type="org.opentest4j.AssertionFailedError"><![CDATA[org.opentest4j.AssertionFailedError: 
CHYBA EX: 
Internal Exception: org.postgresql.util.PSQLException: ERROR: column t0.ucitel_idd does not exist
  Hint: Perhaps you meant to reference the column "t0.ucitel_id".
  Position: 68
Error Code: 0
Call: SELECT t1.KOD, t1.ODBOR FROM UCITEL_PREDMET t0, PREDMET t1 WHERE ((t0.UCITEL_IDD = ?) AND (t1.KOD = t0.PREDMET_KOD))
	bind => [1 parameter bound]
Query: ReadAllQuery(name="predmety" referenceClass=Predmet sql="SELECT t1.KOD, t1.ODBOR FROM UCITEL_PREDMET t0, PREDMET t1 WHERE ((t0.UCITEL_IDD = ?) AND (t1.KOD = t0.PREDMET_KOD))")
	at org.junit.jupiter.api.AssertionUtils.fail(AssertionUtils.java:38)
	at org.junit.jupiter.api.Assertions.fail(Assertions.java:138)
	at vsa.DbappTest.UT03_pocetPredmetov(DbappTest.java:191)
	at java.base/java.lang.reflect.Method.invoke(Method.java:580)
	at java.base/java.util.ArrayList.forEach(ArrayList.java:1596)
	at java.base/java.util.ArrayList.forEach(ArrayList.java:1596)
]]></failure>
    <system-out><![CDATA[[EL Warning]: 2026-06-03 18:51:19.505--ServerSession(820878444)--Exception [EclipseLink-4002] (Eclipse Persistence Services - 4.0.4.v202407190748-059428cdd2583c46f1f3e50d235854840a6fa9a7): org.eclipse.persistence.exceptions.DatabaseException
Internal Exception: org.postgresql.util.PSQLException: ERROR: column t0.ucitel_idd does not exist
  Hint: Perhaps you meant to reference the column "t0.ucitel_id".
  Position: 68
Error Code: 0
Call: SELECT t1.KOD, t1.ODBOR FROM UCITEL_PREDMET t0, PREDMET t1 WHERE ((t0.UCITEL_IDD = ?) AND (t1.KOD = t0.PREDMET_KOD))
	bind => [1 parameter bound]
Query: ReadAllQuery(name="predmety" referenceClass=Predmet sql="SELECT t1.KOD, t1.ODBOR FROM UCITEL_PREDMET t0, PREDMET t1 WHERE ((t0.UCITEL_IDD = ?) AND (t1.KOD = t0.PREDMET_KOD))")
]]></system-out>
  </testcase>
  <testcase name="UT04_vyucujuci" classname="vsa.DbappTest" time="0.004">
    <error message="&#10;Internal Exception: org.postgresql.util.PSQLException: ERROR: column t0.ucitel_idd does not exist&#10;  Hint: Perhaps you meant to reference the column &quot;t0.ucitel_id&quot;.&#10;  Position: 112&#10;Error Code: 0&#10;Call: SELECT t1.ID, t1.MENO, t1.NARODENY FROM UCITEL_PREDMET t0, UCITEL t1 WHERE ((t0.PREDMET_KOD = ?) AND (t1.ID = t0.UCITEL_IDD))&#10;	bind =&gt; [1 parameter bound]&#10;Query: ReadAllQuery(name=&quot;vyucujuci&quot; referenceClass=Ucitel sql=&quot;SELECT t1.ID, t1.MENO, t1.NARODENY FROM UCITEL_PREDMET t0, UCITEL t1 WHERE ((t0.PREDMET_KOD = ?) AND (t1.ID = t0.UCITEL_IDD))&quot;)" type="Local Exception Stack"><![CDATA[Local Exception Stack: 
Exception [EclipseLink-4002] (Eclipse Persistence Services - 4.0.4.v202407190748-059428cdd2583c46f1f3e50d235854840a6fa9a7): org.eclipse.persistence.exceptions.DatabaseException
Internal Exception: org.postgresql.util.PSQLException: ERROR: column t0.ucitel_idd does not exist
  Hint: Perhaps you meant to reference the column "t0.ucitel_id".
  Position: 112
Error Code: 0
Call: SELECT t1.ID, t1.MENO, t1.NARODENY FROM UCITEL_PREDMET t0, UCITEL t1 WHERE ((t0.PREDMET_KOD = ?) AND (t1.ID = t0.UCITEL_IDD))
	bind => [1 parameter bound]
Query: ReadAllQuery(name="vyucujuci" referenceClass=Ucitel sql="SELECT t1.ID, t1.MENO, t1.NARODENY FROM UCITEL_PREDMET t0, UCITEL t1 WHERE ((t0.PREDMET_KOD = ?) AND (t1.ID = t0.UCITEL_IDD))")
	at org.eclipse.persistence.exceptions.DatabaseException.sqlException(DatabaseException.java:343)
	at org.eclipse.persistence.internal.databaseaccess.DatabaseAccessor.basicExecuteCall(DatabaseAccessor.java:702)
	at org.eclipse.persistence.internal.databaseaccess.DatabaseAccessor.executeCall(DatabaseAccessor.java:569)
	at org.eclipse.persistence.internal.sessions.AbstractSession.basicExecuteCall(AbstractSession.java:2048)
	at org.eclipse.persistence.sessions.server.ServerSession.executeCall(ServerSession.java:611)
	at org.eclipse.persistence.internal.queries.DatasourceCallQueryMechanism.executeCall(DatasourceCallQueryMechanism.java:280)
	at org.eclipse.persistence.internal.queries.DatasourceCallQueryMechanism.executeCall(DatasourceCallQueryMechanism.java:266)
	at org.eclipse.persistence.internal.queries.DatasourceCallQueryMechanism.executeSelectCall(DatasourceCallQueryMechanism.java:352)
	at org.eclipse.persistence.internal.queries.DatasourceCallQueryMechanism.selectAllRows(DatasourceCallQueryMechanism.java:792)
	at org.eclipse.persistence.internal.queries.ExpressionQueryMechanism.selectAllRowsFromTable(ExpressionQueryMechanism.java:2848)
	at org.eclipse.persistence.internal.queries.ExpressionQueryMechanism.selectAllRows(ExpressionQueryMechanism.java:2801)
	at org.eclipse.persistence.queries.ReadAllQuery.executeObjectLevelReadQuery(ReadAllQuery.java:584)
	at org.eclipse.persistence.queries.ObjectLevelReadQuery.executeDatabaseQuery(ObjectLevelReadQuery.java:1236)
	at org.eclipse.persistence.queries.DatabaseQuery.execute(DatabaseQuery.java:913)
	at org.eclipse.persistence.queries.ObjectLevelReadQuery.execute(ObjectLevelReadQuery.java:1195)
	at org.eclipse.persistence.queries.ReadAllQuery.execute(ReadAllQuery.java:485)
	at org.eclipse.persistence.internal.sessions.AbstractSession.internalExecuteQuery(AbstractSession.java:3308)
	at org.eclipse.persistence.internal.sessions.AbstractSession.executeQuery(AbstractSession.java:1841)
	at org.eclipse.persistence.internal.sessions.AbstractSession.executeQuery(AbstractSession.java:1823)
	at org.eclipse.persistence.internal.indirection.QueryBasedValueHolder.instantiate(QueryBasedValueHolder.java:136)
	at org.eclipse.persistence.internal.indirection.QueryBasedValueHolder.instantiate(QueryBasedValueHolder.java:122)
	at org.eclipse.persistence.internal.indirection.DatabaseValueHolder.getValue(DatabaseValueHolder.java:109)
	at org.eclipse.persistence.internal.indirection.UnitOfWorkValueHolder.instantiateImpl(UnitOfWorkValueHolder.java:182)
	at org.eclipse.persistence.internal.indirection.UnitOfWorkValueHolder.instantiate(UnitOfWorkValueHolder.java:252)
	at org.eclipse.persistence.internal.indirection.DatabaseValueHolder.getValue(DatabaseValueHolder.java:109)
	at org.eclipse.persistence.indirection.IndirectSet.buildDelegate(IndirectSet.java:227)
	at org.eclipse.persistence.indirection.IndirectSet.getDelegate(IndirectSet.java:418)
	at org.eclipse.persistence.indirection.IndirectSet.size(IndirectSet.java:612)
	at vsa.DbappTest.UT04_vyucujuci(DbappTest.java:217)
	at java.base/java.lang.reflect.Method.invoke(Method.java:580)
	at java.base/java.util.ArrayList.forEach(ArrayList.java:1596)
	at java.base/java.util.ArrayList.forEach(ArrayList.java:1596)
Caused by: org.postgresql.util.PSQLException: ERROR: column t0.ucitel_idd does not exist
  Hint: Perhaps you meant to reference the column "t0.ucitel_id".
  Position: 112
	at org.postgresql.core.v3.QueryExecutorImpl.receiveErrorResponse(QueryExecutorImpl.java:2725)
	at org.postgresql.core.v3.QueryExecutorImpl.processResults(QueryExecutorImpl.java:2412)
	at org.postgresql.core.v3.QueryExecutorImpl.execute(QueryExecutorImpl.java:371)
	at org.postgresql.jdbc.PgStatement.executeInternal(PgStatement.java:502)
	at org.postgresql.jdbc.PgStatement.execute(PgStatement.java:419)
	at org.postgresql.jdbc.PgPreparedStatement.executeWithFlags(PgPreparedStatement.java:194)
	at org.postgresql.jdbc.PgPreparedStatement.executeQuery(PgPreparedStatement.java:137)
	at org.eclipse.persistence.internal.databaseaccess.DatabaseAccessor.executeSelect(DatabaseAccessor.java:1026)
	at org.eclipse.persistence.internal.databaseaccess.DatabaseAccessor.basicExecuteCall(DatabaseAccessor.java:662)
	... 30 more
]]></error>
    <system-out><![CDATA[[EL Warning]: 2026-06-03 18:51:19.512--ServerSession(820878444)--Exception [EclipseLink-4002] (Eclipse Persistence Services - 4.0.4.v202407190748-059428cdd2583c46f1f3e50d235854840a6fa9a7): org.eclipse.persistence.exceptions.DatabaseException
Internal Exception: org.postgresql.util.PSQLException: ERROR: column t0.ucitel_idd does not exist
  Hint: Perhaps you meant to reference the column "t0.ucitel_id".
  Position: 112
Error Code: 0
Call: SELECT t1.ID, t1.MENO, t1.NARODENY FROM UCITEL_PREDMET t0, UCITEL t1 WHERE ((t0.PREDMET_KOD = ?) AND (t1.ID = t0.UCITEL_IDD))
	bind => [1 parameter bound]
Query: ReadAllQuery(name="vyucujuci" referenceClass=Ucitel sql="SELECT t1.ID, t1.MENO, t1.NARODENY FROM UCITEL_PREDMET t0, UCITEL t1 WHERE ((t0.PREDMET_KOD = ?) AND (t1.ID = t0.UCITEL_IDD))")
]]></system-out>
  </testcase>
  <testcase name="UT05_vyucujuci" classname="vsa.DbappTest" time="0.005">
    <error message="&#10;Internal Exception: org.postgresql.util.PSQLException: ERROR: column t0.ucitel_idd does not exist&#10;  Hint: Perhaps you meant to reference the column &quot;t0.ucitel_id&quot;.&#10;  Position: 112&#10;Error Code: 0&#10;Call: SELECT t1.ID, t1.MENO, t1.NARODENY FROM UCITEL_PREDMET t0, UCITEL t1 WHERE ((t0.PREDMET_KOD = ?) AND (t1.ID = t0.UCITEL_IDD))&#10;	bind =&gt; [1 parameter bound]&#10;Query: ReadAllQuery(name=&quot;vyucujuci&quot; referenceClass=Ucitel sql=&quot;SELECT t1.ID, t1.MENO, t1.NARODENY FROM UCITEL_PREDMET t0, UCITEL t1 WHERE ((t0.PREDMET_KOD = ?) AND (t1.ID = t0.UCITEL_IDD))&quot;)" type="Local Exception Stack"><![CDATA[Local Exception Stack: 
Exception [EclipseLink-4002] (Eclipse Persistence Services - 4.0.4.v202407190748-059428cdd2583c46f1f3e50d235854840a6fa9a7): org.eclipse.persistence.exceptions.DatabaseException
Internal Exception: org.postgresql.util.PSQLException: ERROR: column t0.ucitel_idd does not exist
  Hint: Perhaps you meant to reference the column "t0.ucitel_id".
  Position: 112
Error Code: 0
Call: SELECT t1.ID, t1.MENO, t1.NARODENY FROM UCITEL_PREDMET t0, UCITEL t1 WHERE ((t0.PREDMET_KOD = ?) AND (t1.ID = t0.UCITEL_IDD))
	bind => [1 parameter bound]
Query: ReadAllQuery(name="vyucujuci" referenceClass=Ucitel sql="SELECT t1.ID, t1.MENO, t1.NARODENY FROM UCITEL_PREDMET t0, UCITEL t1 WHERE ((t0.PREDMET_KOD = ?) AND (t1.ID = t0.UCITEL_IDD))")
	at org.eclipse.persistence.exceptions.DatabaseException.sqlException(DatabaseException.java:343)
	at org.eclipse.persistence.internal.databaseaccess.DatabaseAccessor.basicExecuteCall(DatabaseAccessor.java:702)
	at org.eclipse.persistence.internal.databaseaccess.DatabaseAccessor.executeCall(DatabaseAccessor.java:569)
	at org.eclipse.persistence.internal.sessions.AbstractSession.basicExecuteCall(AbstractSession.java:2048)
	at org.eclipse.persistence.sessions.server.ServerSession.executeCall(ServerSession.java:611)
	at org.eclipse.persistence.internal.queries.DatasourceCallQueryMechanism.executeCall(DatasourceCallQueryMechanism.java:280)
	at org.eclipse.persistence.internal.queries.DatasourceCallQueryMechanism.executeCall(DatasourceCallQueryMechanism.java:266)
	at org.eclipse.persistence.internal.queries.DatasourceCallQueryMechanism.executeSelectCall(DatasourceCallQueryMechanism.java:352)
	at org.eclipse.persistence.internal.queries.DatasourceCallQueryMechanism.selectAllRows(DatasourceCallQueryMechanism.java:792)
	at org.eclipse.persistence.internal.queries.ExpressionQueryMechanism.selectAllRowsFromTable(ExpressionQueryMechanism.java:2848)
	at org.eclipse.persistence.internal.queries.ExpressionQueryMechanism.selectAllRows(ExpressionQueryMechanism.java:2801)
	at org.eclipse.persistence.queries.ReadAllQuery.executeObjectLevelReadQuery(ReadAllQuery.java:584)
	at org.eclipse.persistence.queries.ObjectLevelReadQuery.executeDatabaseQuery(ObjectLevelReadQuery.java:1236)
	at org.eclipse.persistence.queries.DatabaseQuery.execute(DatabaseQuery.java:913)
	at org.eclipse.persistence.queries.ObjectLevelReadQuery.execute(ObjectLevelReadQuery.java:1195)
	at org.eclipse.persistence.queries.ReadAllQuery.execute(ReadAllQuery.java:485)
	at org.eclipse.persistence.internal.sessions.AbstractSession.internalExecuteQuery(AbstractSession.java:3308)
	at org.eclipse.persistence.internal.sessions.AbstractSession.executeQuery(AbstractSession.java:1841)
	at org.eclipse.persistence.internal.sessions.AbstractSession.executeQuery(AbstractSession.java:1823)
	at org.eclipse.persistence.internal.indirection.QueryBasedValueHolder.instantiate(QueryBasedValueHolder.java:136)
	at org.eclipse.persistence.internal.indirection.QueryBasedValueHolder.instantiate(QueryBasedValueHolder.java:122)
	at org.eclipse.persistence.internal.indirection.DatabaseValueHolder.getValue(DatabaseValueHolder.java:109)
	at org.eclipse.persistence.internal.indirection.UnitOfWorkValueHolder.instantiateImpl(UnitOfWorkValueHolder.java:182)
	at org.eclipse.persistence.internal.indirection.UnitOfWorkValueHolder.instantiate(UnitOfWorkValueHolder.java:252)
	at org.eclipse.persistence.internal.indirection.DatabaseValueHolder.getValue(DatabaseValueHolder.java:109)
	at org.eclipse.persistence.indirection.IndirectSet.buildDelegate(IndirectSet.java:227)
	at org.eclipse.persistence.indirection.IndirectSet.getDelegate(IndirectSet.java:418)
	at org.eclipse.persistence.indirection.IndirectSet.size(IndirectSet.java:612)
	at vsa.DbappTest.UT05_vyucujuci(DbappTest.java:239)
	at java.base/java.lang.reflect.Method.invoke(Method.java:580)
	at java.base/java.util.ArrayList.forEach(ArrayList.java:1596)
	at java.base/java.util.ArrayList.forEach(ArrayList.java:1596)
Caused by: org.postgresql.util.PSQLException: ERROR: column t0.ucitel_idd does not exist
  Hint: Perhaps you meant to reference the column "t0.ucitel_id".
  Position: 112
	at org.postgresql.core.v3.QueryExecutorImpl.receiveErrorResponse(QueryExecutorImpl.java:2725)
	at org.postgresql.core.v3.QueryExecutorImpl.processResults(QueryExecutorImpl.java:2412)
	at org.postgresql.core.v3.QueryExecutorImpl.execute(QueryExecutorImpl.java:371)
	at org.postgresql.jdbc.PgStatement.executeInternal(PgStatement.java:502)
	at org.postgresql.jdbc.PgStatement.execute(PgStatement.java:419)
	at org.postgresql.jdbc.PgPreparedStatement.executeWithFlags(PgPreparedStatement.java:194)
	at org.postgresql.jdbc.PgPreparedStatement.executeQuery(PgPreparedStatement.java:137)
	at org.eclipse.persistence.internal.databaseaccess.DatabaseAccessor.executeSelect(DatabaseAccessor.java:1026)
	at org.eclipse.persistence.internal.databaseaccess.DatabaseAccessor.basicExecuteCall(DatabaseAccessor.java:662)
	... 30 more
]]></error>
    <system-out><![CDATA[[EL Warning]: 2026-06-03 18:51:19.518--ServerSession(820878444)--Exception [EclipseLink-4002] (Eclipse Persistence Services - 4.0.4.v202407190748-059428cdd2583c46f1f3e50d235854840a6fa9a7): org.eclipse.persistence.exceptions.DatabaseException
Internal Exception: org.postgresql.util.PSQLException: ERROR: column t0.ucitel_idd does not exist
  Hint: Perhaps you meant to reference the column "t0.ucitel_id".
  Position: 112
Error Code: 0
Call: SELECT t1.ID, t1.MENO, t1.NARODENY FROM UCITEL_PREDMET t0, UCITEL t1 WHERE ((t0.PREDMET_KOD = ?) AND (t1.ID = t0.UCITEL_IDD))
	bind => [1 parameter bound]
Query: ReadAllQuery(name="vyucujuci" referenceClass=Ucitel sql="SELECT t1.ID, t1.MENO, t1.NARODENY FROM UCITEL_PREDMET t0, UCITEL t1 WHERE ((t0.PREDMET_KOD = ?) AND (t1.ID = t0.UCITEL_IDD))")
]]></system-out>
  </testcase>
  <testcase name="UT06_pridaj" classname="vsa.DbappTest" time="0.014">
    <failure message="CHYBA EX: &#10;Internal Exception: org.postgresql.util.PSQLException: ERROR: column t0.ucitel_idd does not exist&#10;  Hint: Perhaps you meant to reference the column &quot;t0.ucitel_id&quot;.&#10;  Position: 112&#10;Error Code: 0&#10;Call: SELECT t1.ID, t1.MENO, t1.NARODENY FROM UCITEL_PREDMET t0, UCITEL t1 WHERE ((t0.PREDMET_KOD = ?) AND (t1.ID = t0.UCITEL_IDD))&#10;	bind =&gt; [1 parameter bound]&#10;Query: ReadAllQuery(name=&quot;vyucujuci&quot; referenceClass=Ucitel sql=&quot;SELECT t1.ID, t1.MENO, t1.NARODENY FROM UCITEL_PREDMET t0, UCITEL t1 WHERE ((t0.PREDMET_KOD = ?) AND (t1.ID = t0.UCITEL_IDD))&quot;)" type="org.opentest4j.AssertionFailedError"><![CDATA[org.opentest4j.AssertionFailedError: 
CHYBA EX: 
Internal Exception: org.postgresql.util.PSQLException: ERROR: column t0.ucitel_idd does not exist
  Hint: Perhaps you meant to reference the column "t0.ucitel_id".
  Position: 112
Error Code: 0
Call: SELECT t1.ID, t1.MENO, t1.NARODENY FROM UCITEL_PREDMET t0, UCITEL t1 WHERE ((t0.PREDMET_KOD = ?) AND (t1.ID = t0.UCITEL_IDD))
	bind => [1 parameter bound]
Query: ReadAllQuery(name="vyucujuci" referenceClass=Ucitel sql="SELECT t1.ID, t1.MENO, t1.NARODENY FROM UCITEL_PREDMET t0, UCITEL t1 WHERE ((t0.PREDMET_KOD = ?) AND (t1.ID = t0.UCITEL_IDD))")
	at org.junit.jupiter.api.AssertionUtils.fail(AssertionUtils.java:38)
	at org.junit.jupiter.api.Assertions.fail(Assertions.java:138)
	at vsa.DbappTest.UT06_pridaj(DbappTest.java:257)
	at java.base/java.lang.reflect.Method.invoke(Method.java:580)
	at java.base/java.util.ArrayList.forEach(ArrayList.java:1596)
	at java.base/java.util.ArrayList.forEach(ArrayList.java:1596)
]]></failure>
    <system-out><![CDATA[[EL Warning]: 2026-06-03 18:51:19.534--ServerSession(820878444)--Exception [EclipseLink-4002] (Eclipse Persistence Services - 4.0.4.v202407190748-059428cdd2583c46f1f3e50d235854840a6fa9a7): org.eclipse.persistence.exceptions.DatabaseException
Internal Exception: org.postgresql.util.PSQLException: ERROR: column t0.ucitel_idd does not exist
  Hint: Perhaps you meant to reference the column "t0.ucitel_id".
  Position: 112
Error Code: 0
Call: SELECT t1.ID, t1.MENO, t1.NARODENY FROM UCITEL_PREDMET t0, UCITEL t1 WHERE ((t0.PREDMET_KOD = ?) AND (t1.ID = t0.UCITEL_IDD))
	bind => [1 parameter bound]
Query: ReadAllQuery(name="vyucujuci" referenceClass=Ucitel sql="SELECT t1.ID, t1.MENO, t1.NARODENY FROM UCITEL_PREDMET t0, UCITEL t1 WHERE ((t0.PREDMET_KOD = ?) AND (t1.ID = t0.UCITEL_IDD))")
]]></system-out>
  </testcase>
  <testcase name="UT07_pocetPredmetov" classname="vsa.DbappTest" time="0.002">
    <failure message="CHYBA EX: &#10;Internal Exception: org.postgresql.util.PSQLException: ERROR: column t0.ucitel_idd does not exist&#10;  Hint: Perhaps you meant to reference the column &quot;t0.ucitel_id&quot;.&#10;  Position: 68&#10;Error Code: 0&#10;Call: SELECT t1.KOD, t1.ODBOR FROM UCITEL_PREDMET t0, PREDMET t1 WHERE ((t0.UCITEL_IDD = ?) AND (t1.KOD = t0.PREDMET_KOD))&#10;	bind =&gt; [1 parameter bound]&#10;Query: ReadAllQuery(name=&quot;predmety&quot; referenceClass=Predmet sql=&quot;SELECT t1.KOD, t1.ODBOR FROM UCITEL_PREDMET t0, PREDMET t1 WHERE ((t0.UCITEL_IDD = ?) AND (t1.KOD = t0.PREDMET_KOD))&quot;)" type="org.opentest4j.AssertionFailedError"><![CDATA[org.opentest4j.AssertionFailedError: 
CHYBA EX: 
Internal Exception: org.postgresql.util.PSQLException: ERROR: column t0.ucitel_idd does not exist
  Hint: Perhaps you meant to reference the column "t0.ucitel_id".
  Position: 68
Error Code: 0
Call: SELECT t1.KOD, t1.ODBOR FROM UCITEL_PREDMET t0, PREDMET t1 WHERE ((t0.UCITEL_IDD = ?) AND (t1.KOD = t0.PREDMET_KOD))
	bind => [1 parameter bound]
Query: ReadAllQuery(name="predmety" referenceClass=Predmet sql="SELECT t1.KOD, t1.ODBOR FROM UCITEL_PREDMET t0, PREDMET t1 WHERE ((t0.UCITEL_IDD = ?) AND (t1.KOD = t0.PREDMET_KOD))")
	at org.junit.jupiter.api.AssertionUtils.fail(AssertionUtils.java:38)
	at org.junit.jupiter.api.Assertions.fail(Assertions.java:138)
	at vsa.DbappTest.UT07_pocetPredmetov(DbappTest.java:280)
	at java.base/java.lang.reflect.Method.invoke(Method.java:580)
	at java.base/java.util.ArrayList.forEach(ArrayList.java:1596)
	at java.base/java.util.ArrayList.forEach(ArrayList.java:1596)
]]></failure>
    <system-out><![CDATA[[EL Warning]: 2026-06-03 18:51:19.537--ServerSession(820878444)--Exception [EclipseLink-4002] (Eclipse Persistence Services - 4.0.4.v202407190748-059428cdd2583c46f1f3e50d235854840a6fa9a7): org.eclipse.persistence.exceptions.DatabaseException
Internal Exception: org.postgresql.util.PSQLException: ERROR: column t0.ucitel_idd does not exist
  Hint: Perhaps you meant to reference the column "t0.ucitel_id".
  Position: 68
Error Code: 0
Call: SELECT t1.KOD, t1.ODBOR FROM UCITEL_PREDMET t0, PREDMET t1 WHERE ((t0.UCITEL_IDD = ?) AND (t1.KOD = t0.PREDMET_KOD))
	bind => [1 parameter bound]
Query: ReadAllQuery(name="predmety" referenceClass=Predmet sql="SELECT t1.KOD, t1.ODBOR FROM UCITEL_PREDMET t0, PREDMET t1 WHERE ((t0.UCITEL_IDD = ?) AND (t1.KOD = t0.PREDMET_KOD))")
]]></system-out>
  </testcase>
  <testcase name="UT08_vyucujuci" classname="vsa.DbappTest" time="0.002">
    <error message="&#10;Internal Exception: org.postgresql.util.PSQLException: ERROR: column t0.ucitel_idd does not exist&#10;  Hint: Perhaps you meant to reference the column &quot;t0.ucitel_id&quot;.&#10;  Position: 112&#10;Error Code: 0&#10;Call: SELECT t1.ID, t1.MENO, t1.NARODENY FROM UCITEL_PREDMET t0, UCITEL t1 WHERE ((t0.PREDMET_KOD = ?) AND (t1.ID = t0.UCITEL_IDD))&#10;	bind =&gt; [1 parameter bound]&#10;Query: ReadAllQuery(name=&quot;vyucujuci&quot; referenceClass=Ucitel sql=&quot;SELECT t1.ID, t1.MENO, t1.NARODENY FROM UCITEL_PREDMET t0, UCITEL t1 WHERE ((t0.PREDMET_KOD = ?) AND (t1.ID = t0.UCITEL_IDD))&quot;)" type="Local Exception Stack"><![CDATA[Local Exception Stack: 
Exception [EclipseLink-4002] (Eclipse Persistence Services - 4.0.4.v202407190748-059428cdd2583c46f1f3e50d235854840a6fa9a7): org.eclipse.persistence.exceptions.DatabaseException
Internal Exception: org.postgresql.util.PSQLException: ERROR: column t0.ucitel_idd does not exist
  Hint: Perhaps you meant to reference the column "t0.ucitel_id".
  Position: 112
Error Code: 0
Call: SELECT t1.ID, t1.MENO, t1.NARODENY FROM UCITEL_PREDMET t0, UCITEL t1 WHERE ((t0.PREDMET_KOD = ?) AND (t1.ID = t0.UCITEL_IDD))
	bind => [1 parameter bound]
Query: ReadAllQuery(name="vyucujuci" referenceClass=Ucitel sql="SELECT t1.ID, t1.MENO, t1.NARODENY FROM UCITEL_PREDMET t0, UCITEL t1 WHERE ((t0.PREDMET_KOD = ?) AND (t1.ID = t0.UCITEL_IDD))")
	at org.eclipse.persistence.exceptions.DatabaseException.sqlException(DatabaseException.java:343)
	at org.eclipse.persistence.internal.databaseaccess.DatabaseAccessor.basicExecuteCall(DatabaseAccessor.java:702)
	at org.eclipse.persistence.internal.databaseaccess.DatabaseAccessor.executeCall(DatabaseAccessor.java:569)
	at org.eclipse.persistence.internal.sessions.AbstractSession.basicExecuteCall(AbstractSession.java:2048)
	at org.eclipse.persistence.sessions.server.ServerSession.executeCall(ServerSession.java:611)
	at org.eclipse.persistence.internal.queries.DatasourceCallQueryMechanism.executeCall(DatasourceCallQueryMechanism.java:280)
	at org.eclipse.persistence.internal.queries.DatasourceCallQueryMechanism.executeCall(DatasourceCallQueryMechanism.java:266)
	at org.eclipse.persistence.internal.queries.DatasourceCallQueryMechanism.executeSelectCall(DatasourceCallQueryMechanism.java:352)
	at org.eclipse.persistence.internal.queries.DatasourceCallQueryMechanism.selectAllRows(DatasourceCallQueryMechanism.java:792)
	at org.eclipse.persistence.internal.queries.ExpressionQueryMechanism.selectAllRowsFromTable(ExpressionQueryMechanism.java:2848)
	at org.eclipse.persistence.internal.queries.ExpressionQueryMechanism.selectAllRows(ExpressionQueryMechanism.java:2801)
	at org.eclipse.persistence.queries.ReadAllQuery.executeObjectLevelReadQuery(ReadAllQuery.java:584)
	at org.eclipse.persistence.queries.ObjectLevelReadQuery.executeDatabaseQuery(ObjectLevelReadQuery.java:1236)
	at org.eclipse.persistence.queries.DatabaseQuery.execute(DatabaseQuery.java:913)
	at org.eclipse.persistence.queries.ObjectLevelReadQuery.execute(ObjectLevelReadQuery.java:1195)
	at org.eclipse.persistence.queries.ReadAllQuery.execute(ReadAllQuery.java:485)
	at org.eclipse.persistence.internal.sessions.AbstractSession.internalExecuteQuery(AbstractSession.java:3308)
	at org.eclipse.persistence.internal.sessions.AbstractSession.executeQuery(AbstractSession.java:1841)
	at org.eclipse.persistence.internal.sessions.AbstractSession.executeQuery(AbstractSession.java:1823)
	at org.eclipse.persistence.internal.indirection.QueryBasedValueHolder.instantiate(QueryBasedValueHolder.java:136)
	at org.eclipse.persistence.internal.indirection.QueryBasedValueHolder.instantiate(QueryBasedValueHolder.java:122)
	at org.eclipse.persistence.internal.indirection.DatabaseValueHolder.getValue(DatabaseValueHolder.java:109)
	at org.eclipse.persistence.internal.indirection.UnitOfWorkValueHolder.instantiateImpl(UnitOfWorkValueHolder.java:182)
	at org.eclipse.persistence.internal.indirection.UnitOfWorkValueHolder.instantiate(UnitOfWorkValueHolder.java:252)
	at org.eclipse.persistence.internal.indirection.DatabaseValueHolder.getValue(DatabaseValueHolder.java:109)
	at org.eclipse.persistence.indirection.IndirectSet.buildDelegate(IndirectSet.java:227)
	at org.eclipse.persistence.indirection.IndirectSet.getDelegate(IndirectSet.java:418)
	at org.eclipse.persistence.indirection.IndirectSet.size(IndirectSet.java:612)
	at vsa.DbappTest.UT08_vyucujuci(DbappTest.java:306)
	at java.base/java.lang.reflect.Method.invoke(Method.java:580)
	at java.base/java.util.ArrayList.forEach(ArrayList.java:1596)
	at java.base/java.util.ArrayList.forEach(ArrayList.java:1596)
Caused by: org.postgresql.util.PSQLException: ERROR: column t0.ucitel_idd does not exist
  Hint: Perhaps you meant to reference the column "t0.ucitel_id".
  Position: 112
	at org.postgresql.core.v3.QueryExecutorImpl.receiveErrorResponse(QueryExecutorImpl.java:2725)
	at org.postgresql.core.v3.QueryExecutorImpl.processResults(QueryExecutorImpl.java:2412)
	at org.postgresql.core.v3.QueryExecutorImpl.execute(QueryExecutorImpl.java:371)
	at org.postgresql.jdbc.PgStatement.executeInternal(PgStatement.java:502)
	at org.postgresql.jdbc.PgStatement.execute(PgStatement.java:419)
	at org.postgresql.jdbc.PgPreparedStatement.executeWithFlags(PgPreparedStatement.java:194)
	at org.postgresql.jdbc.PgPreparedStatement.executeQuery(PgPreparedStatement.java:137)
	at org.eclipse.persistence.internal.databaseaccess.DatabaseAccessor.executeSelect(DatabaseAccessor.java:1026)
	at org.eclipse.persistence.internal.databaseaccess.DatabaseAccessor.basicExecuteCall(DatabaseAccessor.java:662)
	... 30 more
]]></error>
    <system-out><![CDATA[[EL Warning]: 2026-06-03 18:51:19.539--ServerSession(820878444)--Exception [EclipseLink-4002] (Eclipse Persistence Services - 4.0.4.v202407190748-059428cdd2583c46f1f3e50d235854840a6fa9a7): org.eclipse.persistence.exceptions.DatabaseException
Internal Exception: org.postgresql.util.PSQLException: ERROR: column t0.ucitel_idd does not exist
  Hint: Perhaps you meant to reference the column "t0.ucitel_id".
  Position: 112
Error Code: 0
Call: SELECT t1.ID, t1.MENO, t1.NARODENY FROM UCITEL_PREDMET t0, UCITEL t1 WHERE ((t0.PREDMET_KOD = ?) AND (t1.ID = t0.UCITEL_IDD))
	bind => [1 parameter bound]
Query: ReadAllQuery(name="vyucujuci" referenceClass=Ucitel sql="SELECT t1.ID, t1.MENO, t1.NARODENY FROM UCITEL_PREDMET t0, UCITEL t1 WHERE ((t0.PREDMET_KOD = ?) AND (t1.ID = t0.UCITEL_IDD))")
]]></system-out>
  </testcase>
  <testcase name="UT09_pridajOsoba" classname="vsa.DbappTest" time="0.003">
    <failure message="CHYBA EX: &#10;Internal Exception: org.postgresql.util.PSQLException: ERROR: column t0.ucitel_idd does not exist&#10;  Hint: Perhaps you meant to reference the column &quot;t0.ucitel_id&quot;.&#10;  Position: 112&#10;Error Code: 0&#10;Call: SELECT t1.ID, t1.MENO, t1.NARODENY FROM UCITEL_PREDMET t0, UCITEL t1 WHERE ((t0.PREDMET_KOD = ?) AND (t1.ID = t0.UCITEL_IDD))&#10;	bind =&gt; [1 parameter bound]&#10;Query: ReadAllQuery(name=&quot;vyucujuci&quot; referenceClass=Ucitel sql=&quot;SELECT t1.ID, t1.MENO, t1.NARODENY FROM UCITEL_PREDMET t0, UCITEL t1 WHERE ((t0.PREDMET_KOD = ?) AND (t1.ID = t0.UCITEL_IDD))&quot;)" type="org.opentest4j.AssertionFailedError"><![CDATA[org.opentest4j.AssertionFailedError: 
CHYBA EX: 
Internal Exception: org.postgresql.util.PSQLException: ERROR: column t0.ucitel_idd does not exist
  Hint: Perhaps you meant to reference the column "t0.ucitel_id".
  Position: 112
Error Code: 0
Call: SELECT t1.ID, t1.MENO, t1.NARODENY FROM UCITEL_PREDMET t0, UCITEL t1 WHERE ((t0.PREDMET_KOD = ?) AND (t1.ID = t0.UCITEL_IDD))
	bind => [1 parameter bound]
Query: ReadAllQuery(name="vyucujuci" referenceClass=Ucitel sql="SELECT t1.ID, t1.MENO, t1.NARODENY FROM UCITEL_PREDMET t0, UCITEL t1 WHERE ((t0.PREDMET_KOD = ?) AND (t1.ID = t0.UCITEL_IDD))")
	at org.junit.jupiter.api.AssertionUtils.fail(AssertionUtils.java:38)
	at org.junit.jupiter.api.Assertions.fail(Assertions.java:138)
	at vsa.DbappTest.UT09_pridajOsoba(DbappTest.java:336)
	at java.base/java.lang.reflect.Method.invoke(Method.java:580)
	at java.base/java.util.ArrayList.forEach(ArrayList.java:1596)
	at java.base/java.util.ArrayList.forEach(ArrayList.java:1596)
]]></failure>
    <system-out><![CDATA[[EL Warning]: 2026-06-03 18:51:19.542--ServerSession(820878444)--Exception [EclipseLink-4002] (Eclipse Persistence Services - 4.0.4.v202407190748-059428cdd2583c46f1f3e50d235854840a6fa9a7): org.eclipse.persistence.exceptions.DatabaseException
Internal Exception: org.postgresql.util.PSQLException: ERROR: column t0.ucitel_idd does not exist
  Hint: Perhaps you meant to reference the column "t0.ucitel_id".
  Position: 112
Error Code: 0
Call: SELECT t1.ID, t1.MENO, t1.NARODENY FROM UCITEL_PREDMET t0, UCITEL t1 WHERE ((t0.PREDMET_KOD = ?) AND (t1.ID = t0.UCITEL_IDD))
	bind => [1 parameter bound]
Query: ReadAllQuery(name="vyucujuci" referenceClass=Ucitel sql="SELECT t1.ID, t1.MENO, t1.NARODENY FROM UCITEL_PREDMET t0, UCITEL t1 WHERE ((t0.PREDMET_KOD = ?) AND (t1.ID = t0.UCITEL_IDD))")
]]></system-out>
  </testcase>
  <testcase name="UT10_pridajOsoba" classname="vsa.DbappTest" time="0.01">
    <failure message="expected: &lt;1&gt; but was: &lt;0&gt;" type="org.opentest4j.AssertionFailedError"><![CDATA[org.opentest4j.AssertionFailedError: expected: <1> but was: <0>
	at org.junit.jupiter.api.AssertionFailureBuilder.build(AssertionFailureBuilder.java:151)
	at org.junit.jupiter.api.AssertionFailureBuilder.buildAndThrow(AssertionFailureBuilder.java:132)
	at org.junit.jupiter.api.AssertEquals.failNotEqual(AssertEquals.java:197)
	at org.junit.jupiter.api.AssertEquals.assertEquals(AssertEquals.java:150)
	at org.junit.jupiter.api.AssertEquals.assertEquals(AssertEquals.java:145)
	at org.junit.jupiter.api.Assertions.assertEquals(Assertions.java:531)
	at vsa.DbappTest.UT10_pridajOsoba(DbappTest.java:358)
	at java.base/java.lang.reflect.Method.invoke(Method.java:580)
	at java.base/java.util.ArrayList.forEach(ArrayList.java:1596)
	at java.base/java.util.ArrayList.forEach(ArrayList.java:1596)
]]></failure>
  </testcase>
  <testcase name="UT11_pridajPredmet" classname="vsa.DbappTest" time="0.003">
    <failure message="CHYBA EX: &#10;Internal Exception: org.postgresql.util.PSQLException: ERROR: column t0.ucitel_idd does not exist&#10;  Hint: Perhaps you meant to reference the column &quot;t0.ucitel_id&quot;.&#10;  Position: 68&#10;Error Code: 0&#10;Call: SELECT t1.KOD, t1.ODBOR FROM UCITEL_PREDMET t0, PREDMET t1 WHERE ((t0.UCITEL_IDD = ?) AND (t1.KOD = t0.PREDMET_KOD))&#10;	bind =&gt; [1 parameter bound]&#10;Query: ReadAllQuery(name=&quot;predmety&quot; referenceClass=Predmet sql=&quot;SELECT t1.KOD, t1.ODBOR FROM UCITEL_PREDMET t0, PREDMET t1 WHERE ((t0.UCITEL_IDD = ?) AND (t1.KOD = t0.PREDMET_KOD))&quot;)" type="org.opentest4j.AssertionFailedError"><![CDATA[org.opentest4j.AssertionFailedError: 
CHYBA EX: 
Internal Exception: org.postgresql.util.PSQLException: ERROR: column t0.ucitel_idd does not exist
  Hint: Perhaps you meant to reference the column "t0.ucitel_id".
  Position: 68
Error Code: 0
Call: SELECT t1.KOD, t1.ODBOR FROM UCITEL_PREDMET t0, PREDMET t1 WHERE ((t0.UCITEL_IDD = ?) AND (t1.KOD = t0.PREDMET_KOD))
	bind => [1 parameter bound]
Query: ReadAllQuery(name="predmety" referenceClass=Predmet sql="SELECT t1.KOD, t1.ODBOR FROM UCITEL_PREDMET t0, PREDMET t1 WHERE ((t0.UCITEL_IDD = ?) AND (t1.KOD = t0.PREDMET_KOD))")
	at org.junit.jupiter.api.AssertionUtils.fail(AssertionUtils.java:38)
	at org.junit.jupiter.api.Assertions.fail(Assertions.java:138)
	at vsa.DbappTest.UT11_pridajPredmet(DbappTest.java:377)
	at java.base/java.lang.reflect.Method.invoke(Method.java:580)
	at java.base/java.util.ArrayList.forEach(ArrayList.java:1596)
	at java.base/java.util.ArrayList.forEach(ArrayList.java:1596)
]]></failure>
    <system-out><![CDATA[[EL Warning]: 2026-06-03 18:51:19.555--ServerSession(820878444)--Exception [EclipseLink-4002] (Eclipse Persistence Services - 4.0.4.v202407190748-059428cdd2583c46f1f3e50d235854840a6fa9a7): org.eclipse.persistence.exceptions.DatabaseException
Internal Exception: org.postgresql.util.PSQLException: ERROR: column t0.ucitel_idd does not exist
  Hint: Perhaps you meant to reference the column "t0.ucitel_id".
  Position: 68
Error Code: 0
Call: SELECT t1.KOD, t1.ODBOR FROM UCITEL_PREDMET t0, PREDMET t1 WHERE ((t0.UCITEL_IDD = ?) AND (t1.KOD = t0.PREDMET_KOD))
	bind => [1 parameter bound]
Query: ReadAllQuery(name="predmety" referenceClass=Predmet sql="SELECT t1.KOD, t1.ODBOR FROM UCITEL_PREDMET t0, PREDMET t1 WHERE ((t0.UCITEL_IDD = ?) AND (t1.KOD = t0.PREDMET_KOD))")
]]></system-out>
  </testcase>
  <testcase name="UT12_pridajPredmetCheck" classname="vsa.DbappTest" time="0.002">
    <failure message="CHYBA EX: &#10;Internal Exception: org.postgresql.util.PSQLException: ERROR: column t0.ucitel_idd does not exist&#10;  Hint: Perhaps you meant to reference the column &quot;t0.ucitel_id&quot;.&#10;  Position: 68&#10;Error Code: 0&#10;Call: SELECT t1.KOD, t1.ODBOR FROM UCITEL_PREDMET t0, PREDMET t1 WHERE ((t0.UCITEL_IDD = ?) AND (t1.KOD = t0.PREDMET_KOD))&#10;	bind =&gt; [1 parameter bound]&#10;Query: ReadAllQuery(name=&quot;predmety&quot; referenceClass=Predmet sql=&quot;SELECT t1.KOD, t1.ODBOR FROM UCITEL_PREDMET t0, PREDMET t1 WHERE ((t0.UCITEL_IDD = ?) AND (t1.KOD = t0.PREDMET_KOD))&quot;)" type="org.opentest4j.AssertionFailedError"><![CDATA[org.opentest4j.AssertionFailedError: 
CHYBA EX: 
Internal Exception: org.postgresql.util.PSQLException: ERROR: column t0.ucitel_idd does not exist
  Hint: Perhaps you meant to reference the column "t0.ucitel_id".
  Position: 68
Error Code: 0
Call: SELECT t1.KOD, t1.ODBOR FROM UCITEL_PREDMET t0, PREDMET t1 WHERE ((t0.UCITEL_IDD = ?) AND (t1.KOD = t0.PREDMET_KOD))
	bind => [1 parameter bound]
Query: ReadAllQuery(name="predmety" referenceClass=Predmet sql="SELECT t1.KOD, t1.ODBOR FROM UCITEL_PREDMET t0, PREDMET t1 WHERE ((t0.UCITEL_IDD = ?) AND (t1.KOD = t0.PREDMET_KOD))")
	at org.junit.jupiter.api.AssertionUtils.fail(AssertionUtils.java:38)
	at org.junit.jupiter.api.Assertions.fail(Assertions.java:138)
	at vsa.DbappTest.UT12_pridajPredmetCheck(DbappTest.java:399)
	at java.base/java.lang.reflect.Method.invoke(Method.java:580)
	at java.base/java.util.ArrayList.forEach(ArrayList.java:1596)
	at java.base/java.util.ArrayList.forEach(ArrayList.java:1596)
]]></failure>
    <system-out><![CDATA[[EL Warning]: 2026-06-03 18:51:19.557--ServerSession(820878444)--Exception [EclipseLink-4002] (Eclipse Persistence Services - 4.0.4.v202407190748-059428cdd2583c46f1f3e50d235854840a6fa9a7): org.eclipse.persistence.exceptions.DatabaseException
Internal Exception: org.postgresql.util.PSQLException: ERROR: column t0.ucitel_idd does not exist
  Hint: Perhaps you meant to reference the column "t0.ucitel_id".
  Position: 68
Error Code: 0
Call: SELECT t1.KOD, t1.ODBOR FROM UCITEL_PREDMET t0, PREDMET t1 WHERE ((t0.UCITEL_IDD = ?) AND (t1.KOD = t0.PREDMET_KOD))
	bind => [1 parameter bound]
Query: ReadAllQuery(name="predmety" referenceClass=Predmet sql="SELECT t1.KOD, t1.ODBOR FROM UCITEL_PREDMET t0, PREDMET t1 WHERE ((t0.UCITEL_IDD = ?) AND (t1.KOD = t0.PREDMET_KOD))")
]]></system-out>
  </testcase>
  <testcase name="UT13_CheckNovyPredmet" classname="vsa.DbappTest" time="0.001">
    <failure message="expected: not &lt;null&gt;" type="org.opentest4j.AssertionFailedError"><![CDATA[org.opentest4j.AssertionFailedError: expected: not <null>
	at org.junit.jupiter.api.AssertionFailureBuilder.build(AssertionFailureBuilder.java:152)
	at org.junit.jupiter.api.AssertionFailureBuilder.buildAndThrow(AssertionFailureBuilder.java:132)
	at org.junit.jupiter.api.AssertNotNull.failNull(AssertNotNull.java:49)
	at org.junit.jupiter.api.AssertNotNull.assertNotNull(AssertNotNull.java:35)
	at org.junit.jupiter.api.AssertNotNull.assertNotNull(AssertNotNull.java:30)
	at org.junit.jupiter.api.Assertions.assertNotNull(Assertions.java:304)
	at vsa.DbappTest.UT13_CheckNovyPredmet(DbappTest.java:421)
	at java.base/java.lang.reflect.Method.invoke(Method.java:580)
	at java.base/java.util.ArrayList.forEach(ArrayList.java:1596)
	at java.base/java.util.ArrayList.forEach(ArrayList.java:1596)
]]></failure>
  </testcase>
  <testcase name="UT14_pridajNeg" classname="vsa.DbappTest" time="0.005"/>
  <testcase name="UT15_main" classname="vsa.DbappTest" time="0.055">
    <failure message="CHYBA EX: Exception [EclipseLink-4002] (Eclipse Persistence Services - 4.0.4.v202407190748-059428cdd2583c46f1f3e50d235854840a6fa9a7): org.eclipse.persistence.exceptions.DatabaseException&#10;Internal Exception: org.postgresql.util.PSQLException: ERROR: column &quot;ucitel_idd&quot; of relation &quot;ucitel_predmet&quot; does not exist&#10;  Position: 42&#10;Error Code: 0&#10;Call: INSERT INTO UCITEL_PREDMET (PREDMET_KOD, UCITEL_IDD) VALUES (?, ?)&#10;	bind =&gt; [2 parameters bound]&#10;Query: DataModifyQuery(name=&quot;predmety&quot; sql=&quot;INSERT INTO UCITEL_PREDMET (PREDMET_KOD, UCITEL_IDD) VALUES (?, ?)&quot;)" type="org.opentest4j.AssertionFailedError"><![CDATA[org.opentest4j.AssertionFailedError: 
CHYBA EX: Exception [EclipseLink-4002] (Eclipse Persistence Services - 4.0.4.v202407190748-059428cdd2583c46f1f3e50d235854840a6fa9a7): org.eclipse.persistence.exceptions.DatabaseException
Internal Exception: org.postgresql.util.PSQLException: ERROR: column "ucitel_idd" of relation "ucitel_predmet" does not exist
  Position: 42
Error Code: 0
Call: INSERT INTO UCITEL_PREDMET (PREDMET_KOD, UCITEL_IDD) VALUES (?, ?)
	bind => [2 parameters bound]
Query: DataModifyQuery(name="predmety" sql="INSERT INTO UCITEL_PREDMET (PREDMET_KOD, UCITEL_IDD) VALUES (?, ?)")
	at org.junit.jupiter.api.AssertionUtils.fail(AssertionUtils.java:38)
	at org.junit.jupiter.api.Assertions.fail(Assertions.java:138)
	at vsa.DbappTest.UT15_main(DbappTest.java:468)
	at java.base/java.lang.reflect.Method.invoke(Method.java:580)
	at java.base/java.util.ArrayList.forEach(ArrayList.java:1596)
	at java.base/java.util.ArrayList.forEach(ArrayList.java:1596)
]]></failure>
    <system-out><![CDATA[[EL Warning]: 2026-06-03 18:51:19.618--ClientSession(1846568576)--Exception [EclipseLink-4002] (Eclipse Persistence Services - 4.0.4.v202407190748-059428cdd2583c46f1f3e50d235854840a6fa9a7): org.eclipse.persistence.exceptions.DatabaseException
Internal Exception: org.postgresql.util.PSQLException: ERROR: column "ucitel_idd" of relation "ucitel_predmet" does not exist
  Position: 42
Error Code: 0
Call: INSERT INTO UCITEL_PREDMET (PREDMET_KOD, UCITEL_IDD) VALUES (?, ?)
	bind => [2 parameters bound]
Query: DataModifyQuery(name="predmety" sql="INSERT INTO UCITEL_PREDMET (PREDMET_KOD, UCITEL_IDD) VALUES (?, ?)")
]]></system-out>
  </testcase>
</testsuite>