<?xml version="1.0" encoding="UTF-8"?>
<testsuite xmlns:xsi="http://www.w3.org/2001/XMLSchema-instance" xsi:noNamespaceSchemaLocation="https://maven.apache.org/surefire/maven-surefire-plugin/xsd/surefire-test-report-3.0.xsd" version="3.0" name="clientTest.RestClientTest" time="7.25" tests="15" errors="0" skipped="0" failures="0">
  <properties>
[...]
</properties>
  <testcase name="UT11_Get_PrazdnySlovnik_1B" classname="clientTest.RestClientTest" time="0.835">
    <system-err><![CDATA[Jun 02, 2026 9:08:24 PM org.glassfish.grizzly.http.server.NetworkListener start
INFO: Started listener bound to [localhost:8080]
Jun 02, 2026 9:08:24 PM org.glassfish.grizzly.http.server.HttpServer start
INFO: [HttpServer] Started.
]]></system-err>
  </testcase>
  <testcase name="UT12_Put_SkOne_1B" classname="clientTest.RestClientTest" time="0.026"/>
  <testcase name="UT13_Get_SkOne_1B" classname="clientTest.RestClientTest" time="0.006"/>
  <testcase name="UT14_Get_OneXXX_1B" classname="clientTest.RestClientTest" time="0.002"/>
  <testcase name="UT15_Get_XXXsk_1B" classname="clientTest.RestClientTest" time="0.002"/>
  <testcase name="UT16_Put_OneDe_1B" classname="clientTest.RestClientTest" time="0.005"/>
  <testcase name="UT17_Jazyky_One_1B" classname="clientTest.RestClientTest" time="0.337"/>
  <testcase name="UT18_Get_OneDe_1B" classname="clientTest.RestClientTest" time="0.003"/>
  <testcase name="UT19_Get_OneSk_1B" classname="clientTest.RestClientTest" time="0.003"/>
  <testcase name="UT20_Put_TwoDe_1B" classname="clientTest.RestClientTest" time="0.006"/>
  <testcase name="UT21_Put_OneSk_1B" classname="clientTest.RestClientTest" time="0.004"/>
  <testcase name="UT22_Del_OneDe_1B" classname="clientTest.RestClientTest" time="0.006"/>
  <testcase name="UT23_Del_One_1B" classname="clientTest.RestClientTest" time="0.003"/>
  <testcase name="UT24_Zoznam_One_1B" classname="clientTest.RestClientTest" time="0.002"/>
  <testcase name="UT25_Get_Pocet_1B" classname="clientTest.RestClientTest" time="0.003"/>
</testsuite>