<?xml version="1.0" encoding="UTF-8"?>
<testsuite xmlns:xsi="http://www.w3.org/2001/XMLSchema-instance" xsi:noNamespaceSchemaLocation="https://maven.apache.org/surefire/maven-surefire-plugin/xsd/surefire-test-report-3.0.xsd" version="3.0" name="vsa.ZapocetTest" time="3.098" tests="10" errors="0" skipped="0" failures="0">
  <properties>
[...]
</properties>
  <testcase name="UT00_NovaKniha" classname="vsa.ZapocetTest" time="1.293">
    <system-out><![CDATA[[EL Info]: 2026-03-18 21:42:53.745--ServerSession(1076966140)--EclipseLink, version: Eclipse Persistence Services - 4.0.4.v202407190748-059428cdd2583c46f1f3e50d235854840a6fa9a7
]]></system-out>
  </testcase>
  <testcase name="UT01_NovaKnihaCheck" classname="vsa.ZapocetTest" time="0.048"/>
  <testcase name="UT02_NovyNazovCena" classname="vsa.ZapocetTest" time="0.143"/>
  <testcase name="UT03_NovyNazov" classname="vsa.ZapocetTest" time="0.128"/>
  <testcase name="UT04_NovaCena" classname="vsa.ZapocetTest" time="0.127"/>
  <testcase name="UT05_ZiadnyKluc" classname="vsa.ZapocetTest" time="0.08"/>
  <testcase name="UT06_Cennik" classname="vsa.ZapocetTest" time="0.056"/>
  <testcase name="UT07_CennikCheck" classname="vsa.ZapocetTest" time="0.122"/>
  <testcase name="UT08_Cennik" classname="vsa.ZapocetTest" time="0.056"/>
  <testcase name="UT09_Cennik2Check" classname="vsa.ZapocetTest" time="0.066"/>
</testsuite>