<?xml version="1.0" encoding="UTF-8" ?>
<testsuite tests="23" failures="0" name="proxy.RestClientTest" time="1.42" errors="0" skipped="0">
  <properties>
[...]
</properties>
  <testcase classname="proxy.RestClientTest" name="UT11_Z123Get_1B" time="0.976"/>
  <testcase classname="proxy.RestClientTest" name="UT12_Z123Pocet0_1B" time="0.003"/>
  <testcase classname="proxy.RestClientTest" name="UT13_Z123Majitel_2B" time="0"/>
  <testcase classname="proxy.RestClientTest" name="UT14_Z123Post_1B" time="0.058"/>
  <testcase classname="proxy.RestClientTest" name="UT15_Z123Pocet1_1B" time="0.008"/>
  <testcase classname="proxy.RestClientTest" name="UT16_Z123String_1B" time="0.056"/>
  <testcase classname="proxy.RestClientTest" name="UT21_PostPP1_1B" time="0.027"/>
  <testcase classname="proxy.RestClientTest" name="UT22_PP1pocet0_1B" time="0"/>
  <testcase classname="proxy.RestClientTest" name="UT23_PP1Majitel_2B" time="0"/>
  <testcase classname="proxy.RestClientTest" name="UT24_PP1PostStano1_1B" time="0.006"/>
  <testcase classname="proxy.RestClientTest" name="UT25_PP1pocet1_1B" time="0.013"/>
  <testcase classname="proxy.RestClientTest" name="UT26_PP1GetStano1_1B" time="0.009"/>
  <testcase classname="proxy.RestClientTest" name="UT27_PP1GetStano1_1B" time="0"/>
  <testcase classname="proxy.RestClientTest" name="UT28_PP1PostStano2_1B" time="0.021"/>
  <testcase classname="proxy.RestClientTest" name="UT29_PP1GetStano2_1B" time="0.021"/>
  <testcase classname="proxy.RestClientTest" name="UT30_PP1GetStano1_1B" time="0"/>
  <testcase classname="proxy.RestClientTest" name="UT31_GetZmluvaString_1B" time="0.012"/>
  <testcase classname="proxy.RestClientTest" name="UT41_PP1DeletePosledne_1B" time="0.11"/>
  <testcase classname="proxy.RestClientTest" name="UT42_PP1DeletePosledne_1B" time="0.053"/>
  <testcase classname="proxy.RestClientTest" name="UT43_Z123DeletePosledne_1B" time="0.014"/>
  <testcase classname="proxy.RestClientTest" name="UT51_GetXXX_1B" time="0.005"/>
  <testcase classname="proxy.RestClientTest" name="UT52_PostXXX_1B" time="0.018"/>
  <testcase classname="proxy.RestClientTest" name="UT53_PP1Get99_1B" time="0.01"/>
</testsuite>