<?xml version="1.0" encoding="UTF-8"?>
<testsuite xmlns:xsi="http://www.w3.org/2001/XMLSchema-instance" xsi:noNamespaceSchemaLocation="https://maven.apache.org/surefire/maven-surefire-plugin/xsd/surefire-test-report.xsd" name="vsa.OrmTest" time="2.773" tests="6" errors="0" skipped="0" failures="0">
  <properties>
[...]
</properties>
  <testcase name="UT03_osobaProfesorStudentStlpce_2b" classname="vsa.OrmTest" time="0.307"/>
  <testcase name="UT04_joinTabulkyStlpce_2b" classname="vsa.OrmTest" time="0.197"/>
  <testcase name="UT05_rocnikNotNull_1b" classname="vsa.OrmTest" time="0.041"/>
  <testcase name="UT02_predmetStlpce_2b" classname="vsa.OrmTest" time="0.127"/>
  <testcase name="UT06_persistenceNabehne_1b" classname="vsa.OrmTest" time="0"/>
  <testcase name="UT01_tabulkyExistuju_3b" classname="vsa.OrmTest" time="0.273"/>
</testsuite>