<?xml version="1.0" encoding="UTF-8" ?>
<testsuite tests="17" failures="0" name="dbapp.DbappTest" time="1.387" errors="0" skipped="0">
  <properties>
[...]
</properties>
  <testcase classname="dbapp.DbappTest" name="UT01_prevod1DB_1b" time="0.453"/>
  <testcase classname="dbapp.DbappTest" name="UT02_prevod1RVal_1b" time="0"/>
  <testcase classname="dbapp.DbappTest" name="UT03_prevod1TS_1b" time="0.058"/>
  <testcase classname="dbapp.DbappTest" name="UT04_prevod1FK_1b" time="0.027"/>
  <testcase classname="dbapp.DbappTest" name="UT05_prevod2_1b" time="0.06"/>
  <testcase classname="dbapp.DbappTest" name="UT06_prevodNizkaSuma_1b" time="0.038"/>
  <testcase classname="dbapp.DbappTest" name="UT07_prevodZlyUcet_2b" time="0.031"/>
  <testcase classname="dbapp.DbappTest" name="UT11_realizuj1RVal_1b" time="0.046"/>
  <testcase classname="dbapp.DbappTest" name="UT12_realizuj1TS_1b" time="0.101"/>
  <testcase classname="dbapp.DbappTest" name="UT13_realizuj1StavZu_1b" time="0.02"/>
  <testcase classname="dbapp.DbappTest" name="UT14_realizuj1StavNau_1b" time="0.018"/>
  <testcase classname="dbapp.DbappTest" name="UT21_realizuj2nizkystav_1b" time="0.182"/>
  <testcase classname="dbapp.DbappTest" name="UT31_realizuj2realizovany_1b" time="0.15"/>
  <testcase classname="dbapp.DbappTest" name="UT41_realizujRVal_1b" time="0.09"/>
  <testcase classname="dbapp.DbappTest" name="UT42_realizujTS_1b" time="0.046"/>
  <testcase classname="dbapp.DbappTest" name="UT43_realizuj1Stav_1b" time="0.018"/>
  <testcase classname="dbapp.DbappTest" name="UT44_realizuj1Stav_1b" time="0.049"/>
</testsuite>