<?xml version="1.0" encoding="UTF-8" ?>
<testsuite tests="17" failures="0" name="dbapp.DbappTest" time="0.499" errors="0" skipped="0">
  <properties>
[...]
</properties>
  <testcase classname="dbapp.DbappTest" name="UT01_prevod1DB_1b" time="0.159"/>
  <testcase classname="dbapp.DbappTest" name="UT02_prevod1RVal_1b" time="0.001"/>
  <testcase classname="dbapp.DbappTest" name="UT03_prevod1TS_1b" time="0.011"/>
  <testcase classname="dbapp.DbappTest" name="UT04_prevod1FK_1b" time="0.012"/>
  <testcase classname="dbapp.DbappTest" name="UT05_prevod2_1b" time="0.014"/>
  <testcase classname="dbapp.DbappTest" name="UT06_prevodNizkaSuma_1b" time="0.015"/>
  <testcase classname="dbapp.DbappTest" name="UT07_prevodZlyUcet_2b" time="0.014"/>
  <testcase classname="dbapp.DbappTest" name="UT11_realizuj1RVal_1b" time="0.094"/>
  <testcase classname="dbapp.DbappTest" name="UT12_realizuj1TS_1b" time="0.011"/>
  <testcase classname="dbapp.DbappTest" name="UT13_realizuj1StavZu_1b" time="0.01"/>
  <testcase classname="dbapp.DbappTest" name="UT14_realizuj1StavNau_1b" time="0.01"/>
  <testcase classname="dbapp.DbappTest" name="UT21_realizuj2nizkystav_1b" time="0.058"/>
  <testcase classname="dbapp.DbappTest" name="UT31_realizuj2realizovany_1b" time="0.035"/>
  <testcase classname="dbapp.DbappTest" name="UT41_realizujRVal_1b" time="0.017"/>
  <testcase classname="dbapp.DbappTest" name="UT42_realizujTS_1b" time="0.016"/>
  <testcase classname="dbapp.DbappTest" name="UT43_realizuj1Stav_1b" time="0.007"/>
  <testcase classname="dbapp.DbappTest" name="UT44_realizuj1Stav_1b" time="0.015"/>
</testsuite>