<?xml version="1.0" encoding="UTF-8"?>
<testsuite xmlns:xsi="http://www.w3.org/2001/XMLSchema-instance" xsi:noNamespaceSchemaLocation="https://maven.apache.org/surefire/maven-surefire-plugin/xsd/surefire-test-report-3.0.xsd" version="3.0" name="testrest.RestClientTest" time="3.965" tests="19" errors="0" skipped="0" failures="0">
  <properties>
[...]
</properties>
  <testcase name="UT11_InitVSAGetXml_1B" classname="testrest.RestClientTest" time="0.746">
    <system-err><![CDATA[Jun 02, 2026 11:05:22 AM org.glassfish.grizzly.http.server.NetworkListener start
INFO: Started listener bound to [localhost:8080]
Jun 02, 2026 11:05:22 AM org.glassfish.grizzly.http.server.HttpServer start
INFO: [HttpServer] Started.
]]></system-err>
  </testcase>
  <testcase name="UT12_InitVSAObsah_2B" classname="testrest.RestClientTest" time="0.005"/>
  <testcase name="UT13_InitVSAPocetText_1B" classname="testrest.RestClientTest" time="0.006"/>
  <testcase name="UT14_GetPredmetyObsahujeVSA_1B" classname="testrest.RestClientTest" time="0.007"/>
  <testcase name="UT21_PostDBS_1B" classname="testrest.RestClientTest" time="0.015"/>
  <testcase name="UT22_GetDBSXml_2B" classname="testrest.RestClientTest" time="0.002"/>
  <testcase name="UT23_PostDuplicitaSkuska_1B" classname="testrest.RestClientTest" time="0.007"/>
  <testcase name="UT24_DuplicitaNezmeniDen_1B" classname="testrest.RestClientTest" time="0.002"/>
  <testcase name="UT31_PostStudent1_1B" classname="testrest.RestClientTest" time="0.003"/>
  <testcase name="UT32_PocetStudentov1_1B" classname="testrest.RestClientTest" time="0.001"/>
  <testcase name="UT33_GetXmlObsahujeStudenta_1B" classname="testrest.RestClientTest" time="0.009"/>
  <testcase name="UT34_PostStudentDuplicita_1B" classname="testrest.RestClientTest" time="0.003"/>
  <testcase name="UT35_DuplicitaNezvysiPocet_1B" classname="testrest.RestClientTest" time="0.004"/>
  <testcase name="UT36_PostStudent2_1B" classname="testrest.RestClientTest" time="0.003"/>
  <testcase name="UT37_GetPredmetyStudenta_1B" classname="testrest.RestClientTest" time="0.008"/>
  <testcase name="UT38_GetPredmetyStudentaZiadne_1B" classname="testrest.RestClientTest" time="0.001"/>
  <testcase name="UT41_GetNeexistujuciPredmetText_1B" classname="testrest.RestClientTest" time="0.001"/>
  <testcase name="UT42_GetNeexistujuciPredmetXml_1B" classname="testrest.RestClientTest" time="0.004"/>
  <testcase name="UT43_PostStudentNeexistujuciPredmet_1B" classname="testrest.RestClientTest" time="0.002"/>
</testsuite>