<?xml version="1.0" encoding="UTF-8"?>
<testsuite xmlns:xsi="http://www.w3.org/2001/XMLSchema-instance" xsi:noNamespaceSchemaLocation="https://maven.apache.org/surefire/maven-surefire-plugin/xsd/surefire-test-report-3.0.xsd" version="3.0" name="vsa.ZapocetTest" time="2.232" tests="10" errors="0" skipped="0" failures="0">
  <properties>
[...]
</properties>
  <testcase name="UT00_NovaKniha" classname="vsa.ZapocetTest" time="0.677">
    <system-out><![CDATA[[EL Info]: 2026-03-17 12:08:22.936--ServerSession(1250582716)--EclipseLink, version: Eclipse Persistence Services - 4.0.4.v202407190748-059428cdd2583c46f1f3e50d235854840a6fa9a7
]]></system-out>
  </testcase>
  <testcase name="UT01_NovaKnihaCheck" classname="vsa.ZapocetTest" time="0.029"/>
  <testcase name="UT02_NovyNazovCena" classname="vsa.ZapocetTest" time="0.191">
    <system-out><![CDATA[[EL Info]: 2026-03-17 12:08:23.24--ServerSession(742672280)--EclipseLink, version: Eclipse Persistence Services - 4.0.4.v202407190748-059428cdd2583c46f1f3e50d235854840a6fa9a7
]]></system-out>
  </testcase>
  <testcase name="UT03_NovyNazov" classname="vsa.ZapocetTest" time="0.154">
    <system-out><![CDATA[[EL Info]: 2026-03-17 12:08:23.42--ServerSession(280223635)--EclipseLink, version: Eclipse Persistence Services - 4.0.4.v202407190748-059428cdd2583c46f1f3e50d235854840a6fa9a7
]]></system-out>
  </testcase>
  <testcase name="UT04_NovaCena" classname="vsa.ZapocetTest" time="0.158">
    <system-out><![CDATA[[EL Info]: 2026-03-17 12:08:23.581--ServerSession(740467528)--EclipseLink, version: Eclipse Persistence Services - 4.0.4.v202407190748-059428cdd2583c46f1f3e50d235854840a6fa9a7
]]></system-out>
  </testcase>
  <testcase name="UT05_ZiadnyKluc" classname="vsa.ZapocetTest" time="0.054"/>
  <testcase name="UT06_Cennik" classname="vsa.ZapocetTest" time="0.135">
    <system-out><![CDATA[[EL Info]: 2026-03-17 12:08:23.8--ServerSession(1121891386)--EclipseLink, version: Eclipse Persistence Services - 4.0.4.v202407190748-059428cdd2583c46f1f3e50d235854840a6fa9a7
]]></system-out>
  </testcase>
  <testcase name="UT07_CennikCheck" classname="vsa.ZapocetTest" time="0.065"/>
  <testcase name="UT08_Cennik" classname="vsa.ZapocetTest" time="0.11">
    <system-out><![CDATA[[EL Info]: 2026-03-17 12:08:23.998--ServerSession(615853374)--EclipseLink, version: Eclipse Persistence Services - 4.0.4.v202407190748-059428cdd2583c46f1f3e50d235854840a6fa9a7
]]></system-out>
  </testcase>
  <testcase name="UT09_Cennik2Check" classname="vsa.ZapocetTest" time="0.08"/>
</testsuite>