<?xml version="1.0" encoding="UTF-8"?>
<testsuite xmlns:xsi="http://www.w3.org/2001/XMLSchema-instance" xsi:noNamespaceSchemaLocation="https://maven.apache.org/surefire/maven-surefire-plugin/xsd/surefire-test-report-3.0.xsd" version="3.0" name="testrest.RestClientTest" time="4.937" tests="21" errors="0" skipped="0" failures="0">
  <properties>
[...]
</properties>
  <testcase name="UT11_Z123Get_1B" classname="testrest.RestClientTest" time="0.779">
    <system-err><![CDATA[Jun 01, 2026 7:22:57 PM org.glassfish.grizzly.http.server.NetworkListener start
INFO: Started listener bound to [localhost:8080]
Jun 01, 2026 7:22:57 PM org.glassfish.grizzly.http.server.HttpServer start
INFO: [HttpServer] Started.
]]></system-err>
  </testcase>
  <testcase name="UT12_Z123Pocet0_1B" classname="testrest.RestClientTest" time="0.006"/>
  <testcase name="UT13_Z123Majitel_2B" classname="testrest.RestClientTest" time="0.0"/>
  <testcase name="UT14_Z123Post_1B" classname="testrest.RestClientTest" time="0.031"/>
  <testcase name="UT15_Z123Pocet1_1B" classname="testrest.RestClientTest" time="0.015"/>
  <testcase name="UT16_Z123String_1B" classname="testrest.RestClientTest" time="0.003"/>
  <testcase name="UT21_PostPP1_1B" classname="testrest.RestClientTest" time="0.01"/>
  <testcase name="UT22_PP1pocet0_1B" classname="testrest.RestClientTest" time="0.001"/>
  <testcase name="UT23_PP1Majitel_2B" classname="testrest.RestClientTest" time="0.0"/>
  <testcase name="UT24_PP1PostStano1_1B" classname="testrest.RestClientTest" time="0.006"/>
  <testcase name="UT25_PP1pocet1_1B" classname="testrest.RestClientTest" time="0.002"/>
  <testcase name="UT26_PP1GetStano1_1B" classname="testrest.RestClientTest" time="0.002"/>
  <testcase name="UT27_PP1GetStano1_1B" classname="testrest.RestClientTest" time="0.0"/>
  <testcase name="UT28_PP1PostStano2_1B" classname="testrest.RestClientTest" time="0.002"/>
  <testcase name="UT29_PP1GetStano2_1B" classname="testrest.RestClientTest" time="0.002"/>
  <testcase name="UT41_PP1DeletePosledne_1B" classname="testrest.RestClientTest" time="0.007"/>
  <testcase name="UT42_PP1DeletePosledne_1B" classname="testrest.RestClientTest" time="0.004"/>
  <testcase name="UT43_Z123DeletePosledne_1B" classname="testrest.RestClientTest" time="0.002"/>
  <testcase name="UT51_GetXXX_1B" classname="testrest.RestClientTest" time="0.001"/>
  <testcase name="UT52_PostXXX_1B" classname="testrest.RestClientTest" time="0.006"/>
  <testcase name="UT53_PP1Get99_1B" classname="testrest.RestClientTest" time="0.001"/>
</testsuite>