<?xml version="1.0" encoding="UTF-8" ?>
<testsuite tests="17" failures="0" name="dbapp.DbappTest" time="1.169" errors="0" skipped="0">
  <properties>
[...]
</properties>
  <testcase classname="dbapp.DbappTest" name="UT010" time="0.366"/>
  <testcase classname="dbapp.DbappTest" name="UT011" time="0.003"/>
  <testcase classname="dbapp.DbappTest" name="UT012" time="0.002"/>
  <testcase classname="dbapp.DbappTest" name="UT020_pocetPrednasok" time="0.169"/>
  <testcase classname="dbapp.DbappTest" name="UT021_pocetPrednasok" time="0.001"/>
  <testcase classname="dbapp.DbappTest" name="UT03_pocetPrednasok_Neg1" time="0.001"/>
  <testcase classname="dbapp.DbappTest" name="UT04_prednasajuci" time="0.001"/>
  <testcase classname="dbapp.DbappTest" name="UT05_prednasajuci_Neg1" time="0"/>
  <testcase classname="dbapp.DbappTest" name="UT060_novyPredmet" time="0.012"/>
  <testcase classname="dbapp.DbappTest" name="UT061_pocetPrednasok" time="0.004"/>
  <testcase classname="dbapp.DbappTest" name="UT062_prednasajuci" time="0"/>
  <testcase classname="dbapp.DbappTest" name="UT070_novyPredmetNovaOsoba" time="0.007"/>
  <testcase classname="dbapp.DbappTest" name="UT071_novyPredmetOsoba" time="0.003"/>
  <testcase classname="dbapp.DbappTest" name="UT072_novyPredmetOsoba" time="0.003"/>
  <testcase classname="dbapp.DbappTest" name="UT080_novyPredmetZiadnaOsoba" time="0.028"/>
  <testcase classname="dbapp.DbappTest" name="UT90_predmetExistuje" time="0"/>
  <testcase classname="dbapp.DbappTest" name="UT99_main" time="0.014"/>
</testsuite>