<?xml version="1.0" encoding="UTF-8"?>
<testsuite xmlns:xsi="http://www.w3.org/2001/XMLSchema-instance" xsi:noNamespaceSchemaLocation="https://maven.apache.org/surefire/maven-surefire-plugin/xsd/surefire-test-report.xsd" name="vsa.PlatyTest" time="6.667" tests="6" errors="0" skipped="0" failures="0">
  <properties>
[...]
</properties>
  <testcase name="UT04_salaryOnNajblizsiStarsiDatum_4b" classname="vsa.PlatyTest" time="2.081"/>
  <testcase name="UT01_updateSalaryVytvoriZaznam_3b" classname="vsa.PlatyTest" time="0.086"/>
  <testcase name="UT06_salaryOnNeexistuje_2b" classname="vsa.PlatyTest" time="0.015"/>
  <testcase name="UT02_updateSalaryDvakratTenIstyDen_3b" classname="vsa.PlatyTest" time="0.018"/>
  <testcase name="UT03_salaryOnPresnyDatum_3b" classname="vsa.PlatyTest" time="0.021"/>
  <testcase name="UT05_salaryOnIgnorujeInehoZamestnanca_3b" classname="vsa.PlatyTest" time="0.041"/>
</testsuite>