<?xml version="1.0" encoding="UTF-8"?>
<testsuite xmlns:xsi="http://www.w3.org/2001/XMLSchema-instance" xsi:noNamespaceSchemaLocation="https://maven.apache.org/surefire/maven-surefire-plugin/xsd/surefire-test-report-3.0.xsd" version="3.0" name="dbapp.DbappTest" time="3.781" tests="17" errors="0" skipped="0" failures="0">
  <properties>
[...]
</properties>
  <testcase name="UT01_prevod1DB_1b" classname="dbapp.DbappTest" time="0.227">
    <system-out><![CDATA[[EL Info]: 2026-06-01 17:58:13.547--ServerSession(938405008)--EclipseLink, version: Eclipse Persistence Services - 4.0.4.v202407190748-059428cdd2583c46f1f3e50d235854840a6fa9a7
]]></system-out>
  </testcase>
  <testcase name="UT02_prevod1RVal_1b" classname="dbapp.DbappTest" time="0.002"/>
  <testcase name="UT03_prevod1TS_1b" classname="dbapp.DbappTest" time="0.012"/>
  <testcase name="UT04_prevod1FK_1b" classname="dbapp.DbappTest" time="0.014"/>
  <testcase name="UT06_prevodNizkaSuma_1b" classname="dbapp.DbappTest" time="0.014"/>
  <testcase name="UT07_prevodZlyUcet_2b" classname="dbapp.DbappTest" time="0.012"/>
  <testcase name="UT11_realizuj1RVal_1b" classname="dbapp.DbappTest" time="0.808"/>
  <testcase name="UT12_realizuj1TS_1b" classname="dbapp.DbappTest" time="0.017"/>
  <testcase name="UT13_realizuj1StavZu_1b" classname="dbapp.DbappTest" time="0.008"/>
  <testcase name="UT14_realizuj1StavNau_1b" classname="dbapp.DbappTest" time="0.008"/>
  <testcase name="UT21_realizuj2nizkystav_1b" classname="dbapp.DbappTest" time="0.048"/>
  <testcase name="UT31_realizuj2realizovany_1b" classname="dbapp.DbappTest" time="0.025"/>
  <testcase name="UT41_realizujRVal_1b" classname="dbapp.DbappTest" time="0.016"/>
  <testcase name="UT42_realizujTS_1b" classname="dbapp.DbappTest" time="0.013"/>
  <testcase name="UT43_realizuj1Stav_1b" classname="dbapp.DbappTest" time="0.007"/>
  <testcase name="UT44_realizuj1Stav_1b" classname="dbapp.DbappTest" time="0.014"/>
  <testcase name="UT51_checkORM_1b" classname="dbapp.DbappTest" time="0.014"/>
</testsuite>