<?xml version="1.0" encoding="UTF-8"?>
<testsuite xmlns:xsi="http://www.w3.org/2001/XMLSchema-instance" xsi:noNamespaceSchemaLocation="https://maven.apache.org/surefire/maven-surefire-plugin/xsd/surefire-test-report-3.0.xsd" version="3.0" name="vsa.DbappTest" time="5.438" tests="15" errors="0" skipped="0" failures="0">
  <properties>
[...]
</properties>
  <testcase name="UT01" classname="vsa.DbappTest" time="0.671">
    <system-out><![CDATA[[EL Info]: 2025-06-17 17:57:47.407--ServerSession(1509713998)--EclipseLink, version: Eclipse Persistence Services - 4.0.4.v202407190748-059428cdd2583c46f1f3e50d235854840a6fa9a7
]]></system-out>
  </testcase>
  <testcase name="UT02" classname="vsa.DbappTest" time="0.01"/>
  <testcase name="UT03_pocetPredmetov" classname="vsa.DbappTest" time="1.311"/>
  <testcase name="UT04_vyucujuci" classname="vsa.DbappTest" time="0.004"/>
  <testcase name="UT05_vyucujuci" classname="vsa.DbappTest" time="0.0"/>
  <testcase name="UT06_pridaj" classname="vsa.DbappTest" time="0.084"/>
  <testcase name="UT07_pocetPredmetov" classname="vsa.DbappTest" time="0.005"/>
  <testcase name="UT08_vyucujuci" classname="vsa.DbappTest" time="0.0"/>
  <testcase name="UT09_pridajOsoba" classname="vsa.DbappTest" time="0.04"/>
  <testcase name="UT10_pridajOsoba" classname="vsa.DbappTest" time="0.0"/>
  <testcase name="UT11_pridajPredmet" classname="vsa.DbappTest" time="0.033"/>
  <testcase name="UT12_pridajPredmetCheck" classname="vsa.DbappTest" time="0.0"/>
  <testcase name="UT13_CheckNovyPredmet" classname="vsa.DbappTest" time="0.0"/>
  <testcase name="UT14_pridajNeg" classname="vsa.DbappTest" time="0.0"/>
  <testcase name="UT15_main" classname="vsa.DbappTest" time="0.022"/>
</testsuite>